<?xml version="1.0" encoding="UTF-8"?>
<testsuites name="Test TS" time="168.837" tests="6" failures="0" errors="0">
   <testsuite name="Test TS" tests="6" failures="0" errors="0" time="168.837" skipped="0" timestamp="2023-11-10 11:08:06" hostname="Hasnul - DESKTOP-PMPE6DF" id="Test Suites/Day 02 - Training Day/Test TS">
      <properties>
         <property name="deviceName" value=""/>
         <property name="devicePlatform" value=""/>
         <property name="logFolder" value="C:\\Users\\Hasnul\\Katalon Studio\\My First Desktop Project\\Reports\\20231110_110756\\Day 02 - Training Day\\Test TS\\20231110_110756"/>
         <property name="logFiles" value="C:\\Users\\Hasnul\\Katalon Studio\\My First Desktop Project\\Reports\\20231110_110756\\Day 02 - Training Day\\Test TS\\20231110_110756\\execution0.log"/>
         <property name="attachments" value=""/>
         <property name="hostName" value="Hasnul - DESKTOP-PMPE6DF"/>
         <property name="os" value="Windows 10 64bit"/>
         <property name="katalonVersion" value="8.6.8.208"/>
         <property name="browser" value="Chrome 119.0.0.0"/>
         <property name="hostAddress" value="192.168.56.1"/>
         <property name="sessionId" value="3f584d9d6549fd9a8f9e8f51b60d0dd6"/>
         <property name="seleniumVersion" value="3.141.59"/>
         <property name="proxyInformation" value="ProxyInformation { proxyOption=NO_PROXY, proxyServerType=HTTP, username=, password=********, proxyServerAddress=, proxyServerPort=0, executionList=&quot;&quot;, isApplyToDesiredCapabilities=true }"/>
         <property name="platform" value="Windows 10"/>
      </properties>
      <testcase name="Test Cases/Day 02 - Training Day/Exercise 1/TC01 - Login Functionality" time="17.746" classname="Test Cases/Day 02 - Training Day/Exercise 1/TC01 - Login Functionality" status="PASSED">
         <system-out><![CDATA[2023-11-10 11:08:07 - [TEST_CASE][PASSED] - Test Cases/Day 02 - Training Day/Exercise 1/TC01 - Login Functionality: Test Cases/Day 02 - Training Day/Exercise 1/TC01 - Login Functionality

2023-11-10 11:08:07 - [TEST_STEP][PASSED] - openBrowser(""): Browser is opened with url: ''

2023-11-10 11:08:08 - [MESSAGE][INFO] - Starting 'Chrome' driver

2023-11-10 11:08:08 - [MESSAGE][INFO] - Action delay is set to 0 milliseconds

2023-11-10 11:08:12 - [MESSAGE][PASSED] - Browser is opened with url: ''

2023-11-10 11:08:12 - [TEST_STEP][PASSED] - navigateToUrl(url): Navigate to 'https://cms.demo.katalon.com/' successfully

2023-11-10 11:08:14 - [MESSAGE][PASSED] - Navigate to 'https://cms.demo.katalon.com/' successfully

2023-11-10 11:08:14 - [TEST_STEP][PASSED] - maximizeWindow(): Current window maximized

2023-11-10 11:08:17 - [MESSAGE][PASSED] - Current window maximized

2023-11-10 11:08:17 - [TEST_STEP][PASSED] - click(findTestObject("Object Repository/Katalon Shop (Ecommerce)/Page_Katalon Shop  Katalon Ecommerce/a_My account")): Object: 'Object Repository/Katalon Shop (Ecommerce)/Page_Katalon Shop  Katalon Ecommerce/a_My account' is clicked on

2023-11-10 11:08:19 - [MESSAGE][PASSED] - Object: 'Object Repository/Katalon Shop (Ecommerce)/Page_Katalon Shop  Katalon Ecommerce/a_My account' is clicked on

2023-11-10 11:08:19 - [TEST_STEP][PASSED] - setText(findTestObject("Object Repository/Katalon Shop (Ecommerce)/Page_My account  Katalon Shop/input__username"), username): Text 'customer' is set on object 'Object Repository/Katalon Shop (Ecommerce)/Page_My account  Katalon Shop/input__username'

2023-11-10 11:08:20 - [MESSAGE][PASSED] - Text 'customer' is set on object 'Object Repository/Katalon Shop (Ecommerce)/Page_My account  Katalon Shop/input__username'

2023-11-10 11:08:20 - [TEST_STEP][PASSED] - setEncryptedText(findTestObject("Object Repository/Katalon Shop (Ecommerce)/Page_My account  Katalon Shop/input__password"), password): Text ****** has been set on object 'Object Repository/Katalon Shop (Ecommerce)/Page_My account  Katalon Shop/input__password'

2023-11-10 11:08:21 - [MESSAGE][PASSED] - Text ****** has been set on object 'Object Repository/Katalon Shop (Ecommerce)/Page_My account  Katalon Shop/input__password'

2023-11-10 11:08:21 - [TEST_STEP][PASSED] - click(findTestObject("Object Repository/Katalon Shop (Ecommerce)/Page_My account  Katalon Shop/input__rememberme")): Object: 'Object Repository/Katalon Shop (Ecommerce)/Page_My account  Katalon Shop/input__rememberme' is clicked on

2023-11-10 11:08:21 - [MESSAGE][PASSED] - Object: 'Object Repository/Katalon Shop (Ecommerce)/Page_My account  Katalon Shop/input__rememberme' is clicked on

2023-11-10 11:08:21 - [TEST_STEP][PASSED] - click(findTestObject("Object Repository/Katalon Shop (Ecommerce)/Page_My account  Katalon Shop/button_Log in")): Object: 'Object Repository/Katalon Shop (Ecommerce)/Page_My account  Katalon Shop/button_Log in' is clicked on

2023-11-10 11:08:24 - [MESSAGE][PASSED] - Object: 'Object Repository/Katalon Shop (Ecommerce)/Page_My account  Katalon Shop/button_Log in' is clicked on

2023-11-10 11:08:24 - [TEST_STEP][PASSED] - verifyElementPresent(findTestObject("Object Repository/Katalon Shop (Ecommerce)/Page_My account  Katalon Shop/p_Hello KatalonLover (not KatalonLover Log out)"), 0): Object 'Object Repository/Katalon Shop (Ecommerce)/Page_My account  Katalon Shop/p_Hello KatalonLover (not KatalonLover Log out)' is present

2023-11-10 11:08:24 - [MESSAGE][WARNING] - Timeout '0' is invalid. Using default page load timeout: '30'

2023-11-10 11:08:24 - [MESSAGE][PASSED] - Object 'Object Repository/Katalon Shop (Ecommerce)/Page_My account  Katalon Shop/p_Hello KatalonLover (not KatalonLover Log out)' is present]]></system-out>
         <system-err><![CDATA[]]></system-err>
      </testcase>
      <testcase name="Test Cases/Day 02 - Training Day/Exercise 1/TC02 - Search Functionality" time="18.882" classname="Test Cases/Day 02 - Training Day/Exercise 1/TC02 - Search Functionality" status="PASSED">
         <system-out><![CDATA[2023-11-10 11:08:24 - [TEST_CASE][PASSED] - Test Cases/Day 02 - Training Day/Exercise 1/TC02 - Search Functionality: Test Cases/Day 02 - Training Day/Exercise 1/TC02 - Search Functionality

2023-11-10 11:08:25 - [TEST_STEP][PASSED] - callTestCase(findTestCase("Day 02 - Training Day/Exercise 1/TC01 - Login Functionality"), ["url":"https://cms.demo.katalon.com/", "name":"customer", "password":"fcttOx1e+dws0mP0AWb2uMRTnZbRfS0W"], STOP_ON_FAILURE): Call Test Case 'Test Cases/Day 02 - Training Day/Exercise 1/TC01 - Login Functionality' successfully

2023-11-10 11:08:25 - [TEST_CASE][PASSED] - Test Cases/Day 02 - Training Day/Exercise 1/TC01 - Login Functionality: Test Cases/Day 02 - Training Day/Exercise 1/TC01 - Login Functionality

2023-11-10 11:08:25 - [TEST_STEP][PASSED] - openBrowser(""): Browser is opened with url: ''

2023-11-10 11:08:25 - [MESSAGE][WARNING] - A browser is already opened. Closing browser and opening a new one

2023-11-10 11:08:26 - [MESSAGE][INFO] - Starting 'Chrome' driver

2023-11-10 11:08:26 - [MESSAGE][INFO] - Action delay is set to 0 milliseconds

2023-11-10 11:08:27 - [MESSAGE][PASSED] - Browser is opened with url: ''

2023-11-10 11:08:27 - [TEST_STEP][PASSED] - navigateToUrl(url): Navigate to 'https://cms.demo.katalon.com/' successfully

2023-11-10 11:08:32 - [MESSAGE][PASSED] - Navigate to 'https://cms.demo.katalon.com/' successfully

2023-11-10 11:08:32 - [TEST_STEP][PASSED] - maximizeWindow(): Current window maximized

2023-11-10 11:08:32 - [MESSAGE][PASSED] - Current window maximized

2023-11-10 11:08:32 - [TEST_STEP][PASSED] - click(findTestObject("Object Repository/Katalon Shop (Ecommerce)/Page_Katalon Shop  Katalon Ecommerce/a_My account")): Object: 'Object Repository/Katalon Shop (Ecommerce)/Page_Katalon Shop  Katalon Ecommerce/a_My account' is clicked on

2023-11-10 11:08:34 - [MESSAGE][PASSED] - Object: 'Object Repository/Katalon Shop (Ecommerce)/Page_Katalon Shop  Katalon Ecommerce/a_My account' is clicked on

2023-11-10 11:08:34 - [TEST_STEP][PASSED] - setText(findTestObject("Object Repository/Katalon Shop (Ecommerce)/Page_My account  Katalon Shop/input__username"), username): Text 'customer' is set on object 'Object Repository/Katalon Shop (Ecommerce)/Page_My account  Katalon Shop/input__username'

2023-11-10 11:08:35 - [MESSAGE][PASSED] - Text 'customer' is set on object 'Object Repository/Katalon Shop (Ecommerce)/Page_My account  Katalon Shop/input__username'

2023-11-10 11:08:35 - [TEST_STEP][PASSED] - setEncryptedText(findTestObject("Object Repository/Katalon Shop (Ecommerce)/Page_My account  Katalon Shop/input__password"), password): Text ****** has been set on object 'Object Repository/Katalon Shop (Ecommerce)/Page_My account  Katalon Shop/input__password'

2023-11-10 11:08:35 - [MESSAGE][PASSED] - Text ****** has been set on object 'Object Repository/Katalon Shop (Ecommerce)/Page_My account  Katalon Shop/input__password'

2023-11-10 11:08:35 - [TEST_STEP][PASSED] - click(findTestObject("Object Repository/Katalon Shop (Ecommerce)/Page_My account  Katalon Shop/input__rememberme")): Object: 'Object Repository/Katalon Shop (Ecommerce)/Page_My account  Katalon Shop/input__rememberme' is clicked on

2023-11-10 11:08:36 - [MESSAGE][PASSED] - Object: 'Object Repository/Katalon Shop (Ecommerce)/Page_My account  Katalon Shop/input__rememberme' is clicked on

2023-11-10 11:08:36 - [TEST_STEP][PASSED] - click(findTestObject("Object Repository/Katalon Shop (Ecommerce)/Page_My account  Katalon Shop/button_Log in")): Object: 'Object Repository/Katalon Shop (Ecommerce)/Page_My account  Katalon Shop/button_Log in' is clicked on

2023-11-10 11:08:38 - [MESSAGE][PASSED] - Object: 'Object Repository/Katalon Shop (Ecommerce)/Page_My account  Katalon Shop/button_Log in' is clicked on

2023-11-10 11:08:38 - [TEST_STEP][PASSED] - verifyElementPresent(findTestObject("Object Repository/Katalon Shop (Ecommerce)/Page_My account  Katalon Shop/p_Hello KatalonLover (not KatalonLover Log out)"), 0): Object 'Object Repository/Katalon Shop (Ecommerce)/Page_My account  Katalon Shop/p_Hello KatalonLover (not KatalonLover Log out)' is present

2023-11-10 11:08:38 - [MESSAGE][WARNING] - Timeout '0' is invalid. Using default page load timeout: '30'

2023-11-10 11:08:39 - [MESSAGE][PASSED] - Object 'Object Repository/Katalon Shop (Ecommerce)/Page_My account  Katalon Shop/p_Hello KatalonLover (not KatalonLover Log out)' is present

2023-11-10 11:08:39 - [MESSAGE][PASSED] - Call Test Case 'Test Cases/Day 02 - Training Day/Exercise 1/TC01 - Login Functionality' successfully

2023-11-10 11:08:39 - [TEST_STEP][PASSED] - setText(findTestObject("Object Repository/Katalon Shop (Ecommerce)/Page_My account  Katalon Shop/input_Search for_s"), keyword): Text 'Ninja' is set on object 'Object Repository/Katalon Shop (Ecommerce)/Page_My account  Katalon Shop/input_Search for_s'

2023-11-10 11:08:40 - [MESSAGE][PASSED] - Text 'Ninja' is set on object 'Object Repository/Katalon Shop (Ecommerce)/Page_My account  Katalon Shop/input_Search for_s'

2023-11-10 11:08:40 - [TEST_STEP][PASSED] - click(findTestObject("Object Repository/Katalon Shop (Ecommerce)/Page_My account  Katalon Shop/button_Search")): Object: 'Object Repository/Katalon Shop (Ecommerce)/Page_My account  Katalon Shop/button_Search' is clicked on

2023-11-10 11:08:42 - [MESSAGE][PASSED] - Object: 'Object Repository/Katalon Shop (Ecommerce)/Page_My account  Katalon Shop/button_Search' is clicked on

2023-11-10 11:08:42 - [TEST_STEP][PASSED] - verifyElementPresent(findTestObject("Object Repository/Katalon Shop (Ecommerce)/Page_Search Results for Ninja  Katalon Shop/h1_Search Results for Ninja"), 0): Object 'Object Repository/Katalon Shop (Ecommerce)/Page_Search Results for Ninja  Katalon Shop/h1_Search Results for Ninja' is present

2023-11-10 11:08:42 - [MESSAGE][WARNING] - Timeout '0' is invalid. Using default page load timeout: '30'

2023-11-10 11:08:43 - [MESSAGE][PASSED] - Object 'Object Repository/Katalon Shop (Ecommerce)/Page_Search Results for Ninja  Katalon Shop/h1_Search Results for Ninja' is present

2023-11-10 11:08:43 - [TEST_STEP][PASSED] - verifyElementPresent(findTestObject("Object Repository/Katalon Shop (Ecommerce)/Page_Search Results for Ninja  Katalon Shop/span_Ninja"), 0): Object 'Object Repository/Katalon Shop (Ecommerce)/Page_Search Results for Ninja  Katalon Shop/span_Ninja' is present

2023-11-10 11:08:43 - [MESSAGE][WARNING] - Timeout '0' is invalid. Using default page load timeout: '30'

2023-11-10 11:08:43 - [MESSAGE][PASSED] - Object 'Object Repository/Katalon Shop (Ecommerce)/Page_Search Results for Ninja  Katalon Shop/span_Ninja' is present]]></system-out>
         <system-err><![CDATA[]]></system-err>
      </testcase>
      <testcase name="Test Cases/Day 02 - Training Day/Exercise 1/TC03 - Add to Cart Functionality" time="26.207" classname="Test Cases/Day 02 - Training Day/Exercise 1/TC03 - Add to Cart Functionality" status="PASSED">
         <system-out><![CDATA[2023-11-10 11:08:43 - [TEST_CASE][PASSED] - Test Cases/Day 02 - Training Day/Exercise 1/TC03 - Add to Cart Functionality: Test Cases/Day 02 - Training Day/Exercise 1/TC03 - Add to Cart Functionality

2023-11-10 11:08:44 - [TEST_STEP][PASSED] - callTestCase(findTestCase("Day 02 - Training Day/Exercise 1/TC02 - Search Functionality"), ["url":"https://cms.demo.katalon.com/", "name":"customer", "password":"fcttOx1e+dws0mP0AWb2uMRTnZbRfS0W", "keyword":"Ninja"], STOP_ON_FAILURE): Call Test Case 'Test Cases/Day 02 - Training Day/Exercise 1/TC02 - Search Functionality' successfully

2023-11-10 11:08:44 - [TEST_CASE][PASSED] - Test Cases/Day 02 - Training Day/Exercise 1/TC02 - Search Functionality: Test Cases/Day 02 - Training Day/Exercise 1/TC02 - Search Functionality

2023-11-10 11:08:44 - [TEST_STEP][PASSED] - callTestCase(findTestCase("Day 02 - Training Day/Exercise 1/TC01 - Login Functionality"), ["url":"https://cms.demo.katalon.com/", "name":"customer", "password":"fcttOx1e+dws0mP0AWb2uMRTnZbRfS0W"], STOP_ON_FAILURE): Call Test Case 'Test Cases/Day 02 - Training Day/Exercise 1/TC01 - Login Functionality' successfully

2023-11-10 11:08:44 - [TEST_CASE][PASSED] - Test Cases/Day 02 - Training Day/Exercise 1/TC01 - Login Functionality: Test Cases/Day 02 - Training Day/Exercise 1/TC01 - Login Functionality

2023-11-10 11:08:44 - [TEST_STEP][PASSED] - openBrowser(""): Browser is opened with url: ''

2023-11-10 11:08:44 - [MESSAGE][WARNING] - A browser is already opened. Closing browser and opening a new one

2023-11-10 11:08:45 - [MESSAGE][INFO] - Starting 'Chrome' driver

2023-11-10 11:08:45 - [MESSAGE][INFO] - Action delay is set to 0 milliseconds

2023-11-10 11:08:47 - [MESSAGE][PASSED] - Browser is opened with url: ''

2023-11-10 11:08:47 - [TEST_STEP][PASSED] - navigateToUrl(url): Navigate to 'https://cms.demo.katalon.com/' successfully

2023-11-10 11:08:51 - [MESSAGE][PASSED] - Navigate to 'https://cms.demo.katalon.com/' successfully

2023-11-10 11:08:51 - [TEST_STEP][PASSED] - maximizeWindow(): Current window maximized

2023-11-10 11:08:52 - [MESSAGE][PASSED] - Current window maximized

2023-11-10 11:08:52 - [TEST_STEP][PASSED] - click(findTestObject("Object Repository/Katalon Shop (Ecommerce)/Page_Katalon Shop  Katalon Ecommerce/a_My account")): Object: 'Object Repository/Katalon Shop (Ecommerce)/Page_Katalon Shop  Katalon Ecommerce/a_My account' is clicked on

2023-11-10 11:08:54 - [MESSAGE][PASSED] - Object: 'Object Repository/Katalon Shop (Ecommerce)/Page_Katalon Shop  Katalon Ecommerce/a_My account' is clicked on

2023-11-10 11:08:54 - [TEST_STEP][PASSED] - setText(findTestObject("Object Repository/Katalon Shop (Ecommerce)/Page_My account  Katalon Shop/input__username"), username): Text 'customer' is set on object 'Object Repository/Katalon Shop (Ecommerce)/Page_My account  Katalon Shop/input__username'

2023-11-10 11:08:55 - [MESSAGE][PASSED] - Text 'customer' is set on object 'Object Repository/Katalon Shop (Ecommerce)/Page_My account  Katalon Shop/input__username'

2023-11-10 11:08:55 - [TEST_STEP][PASSED] - setEncryptedText(findTestObject("Object Repository/Katalon Shop (Ecommerce)/Page_My account  Katalon Shop/input__password"), password): Text ****** has been set on object 'Object Repository/Katalon Shop (Ecommerce)/Page_My account  Katalon Shop/input__password'

2023-11-10 11:08:56 - [MESSAGE][PASSED] - Text ****** has been set on object 'Object Repository/Katalon Shop (Ecommerce)/Page_My account  Katalon Shop/input__password'

2023-11-10 11:08:56 - [TEST_STEP][PASSED] - click(findTestObject("Object Repository/Katalon Shop (Ecommerce)/Page_My account  Katalon Shop/input__rememberme")): Object: 'Object Repository/Katalon Shop (Ecommerce)/Page_My account  Katalon Shop/input__rememberme' is clicked on

2023-11-10 11:08:56 - [MESSAGE][PASSED] - Object: 'Object Repository/Katalon Shop (Ecommerce)/Page_My account  Katalon Shop/input__rememberme' is clicked on

2023-11-10 11:08:56 - [TEST_STEP][PASSED] - click(findTestObject("Object Repository/Katalon Shop (Ecommerce)/Page_My account  Katalon Shop/button_Log in")): Object: 'Object Repository/Katalon Shop (Ecommerce)/Page_My account  Katalon Shop/button_Log in' is clicked on

2023-11-10 11:08:58 - [MESSAGE][PASSED] - Object: 'Object Repository/Katalon Shop (Ecommerce)/Page_My account  Katalon Shop/button_Log in' is clicked on

2023-11-10 11:08:58 - [TEST_STEP][PASSED] - verifyElementPresent(findTestObject("Object Repository/Katalon Shop (Ecommerce)/Page_My account  Katalon Shop/p_Hello KatalonLover (not KatalonLover Log out)"), 0): Object 'Object Repository/Katalon Shop (Ecommerce)/Page_My account  Katalon Shop/p_Hello KatalonLover (not KatalonLover Log out)' is present

2023-11-10 11:08:58 - [MESSAGE][WARNING] - Timeout '0' is invalid. Using default page load timeout: '30'

2023-11-10 11:08:59 - [MESSAGE][PASSED] - Object 'Object Repository/Katalon Shop (Ecommerce)/Page_My account  Katalon Shop/p_Hello KatalonLover (not KatalonLover Log out)' is present

2023-11-10 11:08:59 - [MESSAGE][PASSED] - Call Test Case 'Test Cases/Day 02 - Training Day/Exercise 1/TC01 - Login Functionality' successfully

2023-11-10 11:08:59 - [TEST_STEP][PASSED] - setText(findTestObject("Object Repository/Katalon Shop (Ecommerce)/Page_My account  Katalon Shop/input_Search for_s"), keyword): Text 'Ninja' is set on object 'Object Repository/Katalon Shop (Ecommerce)/Page_My account  Katalon Shop/input_Search for_s'

2023-11-10 11:09:00 - [MESSAGE][PASSED] - Text 'Ninja' is set on object 'Object Repository/Katalon Shop (Ecommerce)/Page_My account  Katalon Shop/input_Search for_s'

2023-11-10 11:09:00 - [TEST_STEP][PASSED] - click(findTestObject("Object Repository/Katalon Shop (Ecommerce)/Page_My account  Katalon Shop/button_Search")): Object: 'Object Repository/Katalon Shop (Ecommerce)/Page_My account  Katalon Shop/button_Search' is clicked on

2023-11-10 11:09:03 - [MESSAGE][PASSED] - Object: 'Object Repository/Katalon Shop (Ecommerce)/Page_My account  Katalon Shop/button_Search' is clicked on

2023-11-10 11:09:03 - [TEST_STEP][PASSED] - verifyElementPresent(findTestObject("Object Repository/Katalon Shop (Ecommerce)/Page_Search Results for Ninja  Katalon Shop/h1_Search Results for Ninja"), 0): Object 'Object Repository/Katalon Shop (Ecommerce)/Page_Search Results for Ninja  Katalon Shop/h1_Search Results for Ninja' is present

2023-11-10 11:09:03 - [MESSAGE][WARNING] - Timeout '0' is invalid. Using default page load timeout: '30'

2023-11-10 11:09:03 - [MESSAGE][PASSED] - Object 'Object Repository/Katalon Shop (Ecommerce)/Page_Search Results for Ninja  Katalon Shop/h1_Search Results for Ninja' is present

2023-11-10 11:09:03 - [TEST_STEP][PASSED] - verifyElementPresent(findTestObject("Object Repository/Katalon Shop (Ecommerce)/Page_Search Results for Ninja  Katalon Shop/span_Ninja"), 0): Object 'Object Repository/Katalon Shop (Ecommerce)/Page_Search Results for Ninja  Katalon Shop/span_Ninja' is present

2023-11-10 11:09:03 - [MESSAGE][WARNING] - Timeout '0' is invalid. Using default page load timeout: '30'

2023-11-10 11:09:04 - [MESSAGE][PASSED] - Object 'Object Repository/Katalon Shop (Ecommerce)/Page_Search Results for Ninja  Katalon Shop/span_Ninja' is present

2023-11-10 11:09:04 - [MESSAGE][PASSED] - Call Test Case 'Test Cases/Day 02 - Training Day/Exercise 1/TC02 - Search Functionality' successfully

2023-11-10 11:09:04 - [TEST_STEP][PASSED] - switchToWindowTitle("Search Results for “Ninja” – Katalon Shop"): Switched to window with title: 'Search Results for “Ninja” – Katalon Shop'

2023-11-10 11:09:04 - [MESSAGE][PASSED] - Switched to window with title: 'Search Results for “Ninja” – Katalon Shop'

2023-11-10 11:09:04 - [TEST_STEP][PASSED] - click(findTestObject("Object Repository/Katalon Shop (Ecommerce)/Page_Search Results for Ninja  Katalon Shop/a_Shop")): Object: 'Object Repository/Katalon Shop (Ecommerce)/Page_Search Results for Ninja  Katalon Shop/a_Shop' is clicked on

2023-11-10 11:09:05 - [MESSAGE][PASSED] - Object: 'Object Repository/Katalon Shop (Ecommerce)/Page_Search Results for Ninja  Katalon Shop/a_Shop' is clicked on

2023-11-10 11:09:05 - [TEST_STEP][PASSED] - click(findTestObject("Object Repository/Katalon Shop (Ecommerce)/Page_Katalon Shop  Katalon Ecommerce/a_Add to cart")): Object: 'Object Repository/Katalon Shop (Ecommerce)/Page_Katalon Shop  Katalon Ecommerce/a_Add to cart' is clicked on

2023-11-10 11:09:06 - [MESSAGE][PASSED] - Object: 'Object Repository/Katalon Shop (Ecommerce)/Page_Katalon Shop  Katalon Ecommerce/a_Add to cart' is clicked on

2023-11-10 11:09:06 - [TEST_STEP][PASSED] - click(findTestObject("Object Repository/Katalon Shop (Ecommerce)/Page_Katalon Shop  Katalon Ecommerce/a_View cart")): Object: 'Object Repository/Katalon Shop (Ecommerce)/Page_Katalon Shop  Katalon Ecommerce/a_View cart' is clicked on

2023-11-10 11:09:09 - [MESSAGE][PASSED] - Object: 'Object Repository/Katalon Shop (Ecommerce)/Page_Katalon Shop  Katalon Ecommerce/a_View cart' is clicked on

2023-11-10 11:09:09 - [TEST_STEP][PASSED] - verifyElementPresent(findTestObject("Katalon Shop (Ecommerce)/Page_Cart  Katalon Shop/Page_Cart  Katalon Shop/img__attachment-woocommerce_thumbnail size-woocommerce_thumbnail"), 0): Object 'Object Repository/Katalon Shop (Ecommerce)/Page_Cart  Katalon Shop/Page_Cart  Katalon Shop/img__attachment-woocommerce_thumbnail size-woocommerce_thumbnail' is present

2023-11-10 11:09:09 - [MESSAGE][WARNING] - Timeout '0' is invalid. Using default page load timeout: '30'

2023-11-10 11:09:09 - [MESSAGE][PASSED] - Object 'Object Repository/Katalon Shop (Ecommerce)/Page_Cart  Katalon Shop/Page_Cart  Katalon Shop/img__attachment-woocommerce_thumbnail size-woocommerce_thumbnail' is present]]></system-out>
         <system-err><![CDATA[]]></system-err>
      </testcase>
      <testcase name="Test Cases/Day 02 - Training Day/Exercise 1/TC04 - Checkout Functionality/TC04_01 - (MY) Checkout Functionality" time="32.948" classname="Test Cases/Day 02 - Training Day/Exercise 1/TC04 - Checkout Functionality/TC04_01 - (MY) Checkout Functionality" status="PASSED">
         <system-out><![CDATA[2023-11-10 11:09:09 - [TEST_CASE][PASSED] - Test Cases/Day 02 - Training Day/Exercise 1/TC04 - Checkout Functionality/TC04_01 - (MY) Checkout Functionality: Test Cases/Day 02 - Training Day/Exercise 1/TC04 - Checkout Functionality/TC04_01 - (MY) Checkout Functionality

2023-11-10 11:09:11 - [TEST_STEP][PASSED] - openBrowser(""): Browser is opened with url: ''

2023-11-10 11:09:11 - [MESSAGE][WARNING] - A browser is already opened. Closing browser and opening a new one

2023-11-10 11:09:12 - [MESSAGE][INFO] - Starting 'Chrome' driver

2023-11-10 11:09:12 - [MESSAGE][INFO] - Action delay is set to 0 milliseconds

2023-11-10 11:09:14 - [MESSAGE][PASSED] - Browser is opened with url: ''

2023-11-10 11:09:14 - [TEST_STEP][PASSED] - navigateToUrl("https://cms.demo.katalon.com/"): Navigate to 'https://cms.demo.katalon.com/' successfully

2023-11-10 11:09:18 - [MESSAGE][PASSED] - Navigate to 'https://cms.demo.katalon.com/' successfully

2023-11-10 11:09:18 - [TEST_STEP][PASSED] - switchToWindowTitle("Katalon Shop – Katalon Ecommerce"): Switched to window with title: 'Katalon Shop – Katalon Ecommerce'

2023-11-10 11:09:18 - [MESSAGE][PASSED] - Switched to window with title: 'Katalon Shop – Katalon Ecommerce'

2023-11-10 11:09:18 - [TEST_STEP][PASSED] - click(findTestObject("Object Repository/Katalon Shop (Ecommerce)/Page_Katalon Shop  Katalon Ecommerce/a_Add to cart (1)")): Object: 'Object Repository/Katalon Shop (Ecommerce)/Page_Katalon Shop  Katalon Ecommerce/a_Add to cart (1)' is clicked on

2023-11-10 11:09:19 - [MESSAGE][PASSED] - Object: 'Object Repository/Katalon Shop (Ecommerce)/Page_Katalon Shop  Katalon Ecommerce/a_Add to cart (1)' is clicked on

2023-11-10 11:09:19 - [TEST_STEP][PASSED] - click(findTestObject("Object Repository/Katalon Shop (Ecommerce)/Page_Katalon Shop  Katalon Ecommerce/a_View cart (1)")): Object: 'Object Repository/Katalon Shop (Ecommerce)/Page_Katalon Shop  Katalon Ecommerce/a_View cart (1)' is clicked on

2023-11-10 11:09:22 - [MESSAGE][PASSED] - Object: 'Object Repository/Katalon Shop (Ecommerce)/Page_Katalon Shop  Katalon Ecommerce/a_View cart (1)' is clicked on

2023-11-10 11:09:22 - [TEST_STEP][PASSED] - click(findTestObject("Object Repository/Katalon Shop (Ecommerce)/Page_Cart  Katalon Shop/a_Proceed to checkout")): Object: 'Object Repository/Katalon Shop (Ecommerce)/Page_Cart  Katalon Shop/a_Proceed to checkout' is clicked on

2023-11-10 11:09:24 - [MESSAGE][PASSED] - Object: 'Object Repository/Katalon Shop (Ecommerce)/Page_Cart  Katalon Shop/a_Proceed to checkout' is clicked on

2023-11-10 11:09:24 - [TEST_STEP][PASSED] - setText(findTestObject("Object Repository/Katalon Shop (Ecommerce)/Page_Checkout  Katalon Shop/input__billing_first_name"), billingFirstName): Text 'Katalon' is set on object 'Object Repository/Katalon Shop (Ecommerce)/Page_Checkout  Katalon Shop/input__billing_first_name'

2023-11-10 11:09:25 - [MESSAGE][PASSED] - Text 'Katalon' is set on object 'Object Repository/Katalon Shop (Ecommerce)/Page_Checkout  Katalon Shop/input__billing_first_name'

2023-11-10 11:09:25 - [TEST_STEP][PASSED] - setText(findTestObject("Object Repository/Katalon Shop (Ecommerce)/Page_Checkout  Katalon Shop/input__billing_last_name"), billingLastName): Text 'Customer' is set on object 'Object Repository/Katalon Shop (Ecommerce)/Page_Checkout  Katalon Shop/input__billing_last_name'

2023-11-10 11:09:26 - [MESSAGE][PASSED] - Text 'Customer' is set on object 'Object Repository/Katalon Shop (Ecommerce)/Page_Checkout  Katalon Shop/input__billing_last_name'

2023-11-10 11:09:26 - [TEST_STEP][PASSED] - setText(findTestObject("Object Repository/Katalon Shop (Ecommerce)/Page_Checkout  Katalon Shop/input_(optional)_billing_company"), biliingCompany): Text 'KMS' is set on object 'Object Repository/Katalon Shop (Ecommerce)/Page_Checkout  Katalon Shop/input_(optional)_billing_company'

2023-11-10 11:09:27 - [MESSAGE][PASSED] - Text 'KMS' is set on object 'Object Repository/Katalon Shop (Ecommerce)/Page_Checkout  Katalon Shop/input_(optional)_billing_company'

2023-11-10 11:09:27 - [TEST_STEP][PASSED] - click(findTestObject("Object Repository/Katalon Shop (Ecommerce)/Page_Checkout  Katalon Shop/Page_Checkout  Katalon Shop/span_Malaysia")): Object: 'Object Repository/Katalon Shop (Ecommerce)/Page_Checkout  Katalon Shop/Page_Checkout  Katalon Shop/span_Malaysia' is clicked on

2023-11-10 11:09:28 - [MESSAGE][PASSED] - Object: 'Object Repository/Katalon Shop (Ecommerce)/Page_Checkout  Katalon Shop/Page_Checkout  Katalon Shop/span_Malaysia' is clicked on

2023-11-10 11:09:28 - [TEST_STEP][PASSED] - setText(findTestObject("Katalon Shop (Ecommerce)/Page_Checkout  Katalon Shop/input__select2-search__field"), country): Text 'Malaysia' is set on object 'Object Repository/Katalon Shop (Ecommerce)/Page_Checkout  Katalon Shop/input__select2-search__field'

2023-11-10 11:09:29 - [MESSAGE][PASSED] - Text 'Malaysia' is set on object 'Object Repository/Katalon Shop (Ecommerce)/Page_Checkout  Katalon Shop/input__select2-search__field'

2023-11-10 11:09:29 - [TEST_STEP][PASSED] - sendKeys(findTestObject("Katalon Shop (Ecommerce)/Page_Checkout  Katalon Shop/Page_Checkout  Katalon Shop/input__select2-search__field"), Keys.chord(ENTER)): Keys 'ENTER + ' sent to object: 'Object Repository/Katalon Shop (Ecommerce)/Page_Checkout  Katalon Shop/Page_Checkout  Katalon Shop/input__select2-search__field'

2023-11-10 11:09:29 - [MESSAGE][PASSED] - Keys 'ENTER + ' sent to object: 'Object Repository/Katalon Shop (Ecommerce)/Page_Checkout  Katalon Shop/Page_Checkout  Katalon Shop/input__select2-search__field'

2023-11-10 11:09:29 - [TEST_STEP][PASSED] - setText(findTestObject("Object Repository/Katalon Shop (Ecommerce)/Page_Checkout  Katalon Shop/input__billing_address_1"), billingAddress): Text 'Lot 4-10, Pavillion, Bukit Bintang' is set on object 'Object Repository/Katalon Shop (Ecommerce)/Page_Checkout  Katalon Shop/input__billing_address_1'

2023-11-10 11:09:30 - [MESSAGE][PASSED] - Text 'Lot 4-10, Pavillion, Bukit Bintang' is set on object 'Object Repository/Katalon Shop (Ecommerce)/Page_Checkout  Katalon Shop/input__billing_address_1'

2023-11-10 11:09:30 - [TEST_STEP][PASSED] - setText(findTestObject("Object Repository/Katalon Shop (Ecommerce)/Page_Checkout  Katalon Shop/input__billing_city"), billingTown): Text 'Keyel' is set on object 'Object Repository/Katalon Shop (Ecommerce)/Page_Checkout  Katalon Shop/input__billing_city'

2023-11-10 11:09:31 - [MESSAGE][PASSED] - Text 'Keyel' is set on object 'Object Repository/Katalon Shop (Ecommerce)/Page_Checkout  Katalon Shop/input__billing_city'

2023-11-10 11:09:31 - [TEST_STEP][PASSED] - click(findTestObject("Katalon Shop (Ecommerce)/Page_Checkout  Katalon Shop/Page_Checkout  Katalon Shop/span_Selangor")): Object: 'Object Repository/Katalon Shop (Ecommerce)/Page_Checkout  Katalon Shop/Page_Checkout  Katalon Shop/span_Selangor' is clicked on

2023-11-10 11:09:32 - [MESSAGE][PASSED] - Object: 'Object Repository/Katalon Shop (Ecommerce)/Page_Checkout  Katalon Shop/Page_Checkout  Katalon Shop/span_Selangor' is clicked on

2023-11-10 11:09:32 - [TEST_STEP][PASSED] - setText(findTestObject("Katalon Shop (Ecommerce)/Page_Checkout  Katalon Shop/input__select2-search__field"), billingState): Text 'Selangor' is set on object 'Object Repository/Katalon Shop (Ecommerce)/Page_Checkout  Katalon Shop/input__select2-search__field'

2023-11-10 11:09:33 - [MESSAGE][PASSED] - Text 'Selangor' is set on object 'Object Repository/Katalon Shop (Ecommerce)/Page_Checkout  Katalon Shop/input__select2-search__field'

2023-11-10 11:09:33 - [TEST_STEP][PASSED] - sendKeys(findTestObject("Katalon Shop (Ecommerce)/Page_Checkout  Katalon Shop/Page_Checkout  Katalon Shop/input__select2-search__field"), Keys.chord(ENTER)): Keys 'ENTER + ' sent to object: 'Object Repository/Katalon Shop (Ecommerce)/Page_Checkout  Katalon Shop/Page_Checkout  Katalon Shop/input__select2-search__field'

2023-11-10 11:09:34 - [MESSAGE][PASSED] - Keys 'ENTER + ' sent to object: 'Object Repository/Katalon Shop (Ecommerce)/Page_Checkout  Katalon Shop/Page_Checkout  Katalon Shop/input__select2-search__field'

2023-11-10 11:09:34 - [TEST_STEP][PASSED] - setText(findTestObject("Object Repository/Katalon Shop (Ecommerce)/Page_Checkout  Katalon Shop/input__billing_postcode"), billingPostcode): Text '621500' is set on object 'Object Repository/Katalon Shop (Ecommerce)/Page_Checkout  Katalon Shop/input__billing_postcode'

2023-11-10 11:09:35 - [MESSAGE][PASSED] - Text '621500' is set on object 'Object Repository/Katalon Shop (Ecommerce)/Page_Checkout  Katalon Shop/input__billing_postcode'

2023-11-10 11:09:35 - [TEST_STEP][PASSED] - setText(findTestObject("Object Repository/Katalon Shop (Ecommerce)/Page_Checkout  Katalon Shop/input__billing_phone"), billingPhone): Text '0359912894' is set on object 'Object Repository/Katalon Shop (Ecommerce)/Page_Checkout  Katalon Shop/input__billing_phone'

2023-11-10 11:09:35 - [MESSAGE][PASSED] - Text '0359912894' is set on object 'Object Repository/Katalon Shop (Ecommerce)/Page_Checkout  Katalon Shop/input__billing_phone'

2023-11-10 11:09:35 - [TEST_STEP][PASSED] - setText(findTestObject("Object Repository/Katalon Shop (Ecommerce)/Page_Checkout  Katalon Shop/input__billing_email"), billingEmail): Text 'testing@test.com' is set on object 'Object Repository/Katalon Shop (Ecommerce)/Page_Checkout  Katalon Shop/input__billing_email'

2023-11-10 11:09:37 - [MESSAGE][PASSED] - Text 'testing@test.com' is set on object 'Object Repository/Katalon Shop (Ecommerce)/Page_Checkout  Katalon Shop/input__billing_email'

2023-11-10 11:09:37 - [TEST_STEP][PASSED] - click(findTestObject("Object Repository/Katalon Shop (Ecommerce)/Page_Checkout  Katalon Shop/button_Place order")): Object: 'Object Repository/Katalon Shop (Ecommerce)/Page_Checkout  Katalon Shop/button_Place order' is clicked on

2023-11-10 11:09:38 - [MESSAGE][PASSED] - Object: 'Object Repository/Katalon Shop (Ecommerce)/Page_Checkout  Katalon Shop/button_Place order' is clicked on

2023-11-10 11:09:38 - [TEST_STEP][PASSED] - verifyElementPresent(findTestObject("Object Repository/Katalon Shop (Ecommerce)/Page_Checkout  Katalon Shop/h1_Checkout"), 0): Object 'Object Repository/Katalon Shop (Ecommerce)/Page_Checkout  Katalon Shop/h1_Checkout' is present

2023-11-10 11:09:38 - [MESSAGE][WARNING] - Timeout '0' is invalid. Using default page load timeout: '30'

2023-11-10 11:09:42 - [MESSAGE][PASSED] - Object 'Object Repository/Katalon Shop (Ecommerce)/Page_Checkout  Katalon Shop/h1_Checkout' is present

2023-11-10 11:09:42 - [TEST_STEP][PASSED] - verifyElementPresent(findTestObject("Object Repository/Katalon Shop (Ecommerce)/Page_Checkout  Katalon Shop/p_Thank you. Your order has been received"), 0): Object 'Object Repository/Katalon Shop (Ecommerce)/Page_Checkout  Katalon Shop/p_Thank you. Your order has been received' is present

2023-11-10 11:09:42 - [MESSAGE][WARNING] - Timeout '0' is invalid. Using default page load timeout: '30'

2023-11-10 11:09:42 - [MESSAGE][PASSED] - Object 'Object Repository/Katalon Shop (Ecommerce)/Page_Checkout  Katalon Shop/p_Thank you. Your order has been received' is present]]></system-out>
         <system-err><![CDATA[]]></system-err>
      </testcase>
      <testcase name="Test Cases/Day 02 - Training Day/Exercise 1/TC04 - Checkout Functionality/TC04_02 - (VNM) Checkout Functionality" time="31.126" classname="Test Cases/Day 02 - Training Day/Exercise 1/TC04 - Checkout Functionality/TC04_02 - (VNM) Checkout Functionality" status="PASSED">
         <system-out><![CDATA[2023-11-10 11:09:42 - [TEST_CASE][PASSED] - Test Cases/Day 02 - Training Day/Exercise 1/TC04 - Checkout Functionality/TC04_02 - (VNM) Checkout Functionality: Test Cases/Day 02 - Training Day/Exercise 1/TC04 - Checkout Functionality/TC04_02 - (VNM) Checkout Functionality

2023-11-10 11:09:44 - [TEST_STEP][PASSED] - openBrowser(""): Browser is opened with url: ''

2023-11-10 11:09:44 - [MESSAGE][WARNING] - A browser is already opened. Closing browser and opening a new one

2023-11-10 11:09:44 - [MESSAGE][INFO] - Starting 'Chrome' driver

2023-11-10 11:09:44 - [MESSAGE][INFO] - Action delay is set to 0 milliseconds

2023-11-10 11:09:46 - [MESSAGE][PASSED] - Browser is opened with url: ''

2023-11-10 11:09:46 - [TEST_STEP][PASSED] - navigateToUrl("https://cms.demo.katalon.com/"): Navigate to 'https://cms.demo.katalon.com/' successfully

2023-11-10 11:09:50 - [MESSAGE][PASSED] - Navigate to 'https://cms.demo.katalon.com/' successfully

2023-11-10 11:09:50 - [TEST_STEP][PASSED] - switchToWindowTitle("Katalon Shop – Katalon Ecommerce"): Switched to window with title: 'Katalon Shop – Katalon Ecommerce'

2023-11-10 11:09:50 - [MESSAGE][PASSED] - Switched to window with title: 'Katalon Shop – Katalon Ecommerce'

2023-11-10 11:09:50 - [TEST_STEP][PASSED] - click(findTestObject("Object Repository/Katalon Shop (Ecommerce)/Page_Katalon Shop  Katalon Ecommerce/a_Add to cart (1)")): Object: 'Object Repository/Katalon Shop (Ecommerce)/Page_Katalon Shop  Katalon Ecommerce/a_Add to cart (1)' is clicked on

2023-11-10 11:09:51 - [MESSAGE][PASSED] - Object: 'Object Repository/Katalon Shop (Ecommerce)/Page_Katalon Shop  Katalon Ecommerce/a_Add to cart (1)' is clicked on

2023-11-10 11:09:51 - [TEST_STEP][PASSED] - click(findTestObject("Object Repository/Katalon Shop (Ecommerce)/Page_Katalon Shop  Katalon Ecommerce/a_View cart (1)")): Object: 'Object Repository/Katalon Shop (Ecommerce)/Page_Katalon Shop  Katalon Ecommerce/a_View cart (1)' is clicked on

2023-11-10 11:09:54 - [MESSAGE][PASSED] - Object: 'Object Repository/Katalon Shop (Ecommerce)/Page_Katalon Shop  Katalon Ecommerce/a_View cart (1)' is clicked on

2023-11-10 11:09:54 - [TEST_STEP][PASSED] - click(findTestObject("Object Repository/Katalon Shop (Ecommerce)/Page_Cart  Katalon Shop/a_Proceed to checkout")): Object: 'Object Repository/Katalon Shop (Ecommerce)/Page_Cart  Katalon Shop/a_Proceed to checkout' is clicked on

2023-11-10 11:09:57 - [MESSAGE][PASSED] - Object: 'Object Repository/Katalon Shop (Ecommerce)/Page_Cart  Katalon Shop/a_Proceed to checkout' is clicked on

2023-11-10 11:09:57 - [TEST_STEP][PASSED] - setText(findTestObject("Object Repository/Katalon Shop (Ecommerce)/Page_Checkout  Katalon Shop/input__billing_first_name"), billingFirstName): Text 'Katalon' is set on object 'Object Repository/Katalon Shop (Ecommerce)/Page_Checkout  Katalon Shop/input__billing_first_name'

2023-11-10 11:09:58 - [MESSAGE][PASSED] - Text 'Katalon' is set on object 'Object Repository/Katalon Shop (Ecommerce)/Page_Checkout  Katalon Shop/input__billing_first_name'

2023-11-10 11:09:58 - [TEST_STEP][PASSED] - setText(findTestObject("Object Repository/Katalon Shop (Ecommerce)/Page_Checkout  Katalon Shop/input__billing_last_name"), billingLastName): Text 'Customer' is set on object 'Object Repository/Katalon Shop (Ecommerce)/Page_Checkout  Katalon Shop/input__billing_last_name'

2023-11-10 11:09:59 - [MESSAGE][PASSED] - Text 'Customer' is set on object 'Object Repository/Katalon Shop (Ecommerce)/Page_Checkout  Katalon Shop/input__billing_last_name'

2023-11-10 11:09:59 - [TEST_STEP][PASSED] - setText(findTestObject("Object Repository/Katalon Shop (Ecommerce)/Page_Checkout  Katalon Shop/input_(optional)_billing_company"), biliingCompany): Text 'KMS' is set on object 'Object Repository/Katalon Shop (Ecommerce)/Page_Checkout  Katalon Shop/input_(optional)_billing_company'

2023-11-10 11:10:00 - [MESSAGE][PASSED] - Text 'KMS' is set on object 'Object Repository/Katalon Shop (Ecommerce)/Page_Checkout  Katalon Shop/input_(optional)_billing_company'

2023-11-10 11:10:00 - [TEST_STEP][PASSED] - click(findTestObject("Object Repository/Katalon Shop (Ecommerce)/Page_Checkout  Katalon Shop/Page_Checkout  Katalon Shop/span_Malaysia")): Object: 'Object Repository/Katalon Shop (Ecommerce)/Page_Checkout  Katalon Shop/Page_Checkout  Katalon Shop/span_Malaysia' is clicked on

2023-11-10 11:10:00 - [MESSAGE][PASSED] - Object: 'Object Repository/Katalon Shop (Ecommerce)/Page_Checkout  Katalon Shop/Page_Checkout  Katalon Shop/span_Malaysia' is clicked on

2023-11-10 11:10:00 - [TEST_STEP][PASSED] - setText(findTestObject("Object Repository/Katalon Shop (Ecommerce)/Page_Checkout  Katalon Shop/input__select2-search__field"), country): Text 'Vietnam' is set on object 'Object Repository/Katalon Shop (Ecommerce)/Page_Checkout  Katalon Shop/input__select2-search__field'

2023-11-10 11:10:01 - [MESSAGE][PASSED] - Text 'Vietnam' is set on object 'Object Repository/Katalon Shop (Ecommerce)/Page_Checkout  Katalon Shop/input__select2-search__field'

2023-11-10 11:10:01 - [TEST_STEP][PASSED] - sendKeys(findTestObject("Katalon Shop (Ecommerce)/Page_Checkout  Katalon Shop/Page_Checkout  Katalon Shop/input__select2-search__field"), Keys.chord(ENTER)): Keys 'ENTER + ' sent to object: 'Object Repository/Katalon Shop (Ecommerce)/Page_Checkout  Katalon Shop/Page_Checkout  Katalon Shop/input__select2-search__field'

2023-11-10 11:10:02 - [MESSAGE][PASSED] - Keys 'ENTER + ' sent to object: 'Object Repository/Katalon Shop (Ecommerce)/Page_Checkout  Katalon Shop/Page_Checkout  Katalon Shop/input__select2-search__field'

2023-11-10 11:10:02 - [TEST_STEP][PASSED] - setText(findTestObject("Object Repository/Katalon Shop (Ecommerce)/Page_Checkout  Katalon Shop/input__billing_address_1"), billingAddress): Text '119 Nguyen Thi Thap' is set on object 'Object Repository/Katalon Shop (Ecommerce)/Page_Checkout  Katalon Shop/input__billing_address_1'

2023-11-10 11:10:03 - [MESSAGE][PASSED] - Text '119 Nguyen Thi Thap' is set on object 'Object Repository/Katalon Shop (Ecommerce)/Page_Checkout  Katalon Shop/input__billing_address_1'

2023-11-10 11:10:03 - [TEST_STEP][PASSED] - setText(findTestObject("Object Repository/Katalon Shop (Ecommerce)/Page_Checkout  Katalon Shop/input__billing_postcode"), billingPostcode): Text '70000' is set on object 'Object Repository/Katalon Shop (Ecommerce)/Page_Checkout  Katalon Shop/input__billing_postcode'

2023-11-10 11:10:04 - [MESSAGE][PASSED] - Text '70000' is set on object 'Object Repository/Katalon Shop (Ecommerce)/Page_Checkout  Katalon Shop/input__billing_postcode'

2023-11-10 11:10:04 - [TEST_STEP][PASSED] - setText(findTestObject("Object Repository/Katalon Shop (Ecommerce)/Page_Checkout  Katalon Shop/input__billing_city"), billingTown): Text 'HCM' is set on object 'Object Repository/Katalon Shop (Ecommerce)/Page_Checkout  Katalon Shop/input__billing_city'

2023-11-10 11:10:05 - [MESSAGE][PASSED] - Text 'HCM' is set on object 'Object Repository/Katalon Shop (Ecommerce)/Page_Checkout  Katalon Shop/input__billing_city'

2023-11-10 11:10:05 - [TEST_STEP][PASSED] - setText(findTestObject("Object Repository/Katalon Shop (Ecommerce)/Page_Checkout  Katalon Shop/input__billing_phone"), billingPhone): Text '0359912894' is set on object 'Object Repository/Katalon Shop (Ecommerce)/Page_Checkout  Katalon Shop/input__billing_phone'

2023-11-10 11:10:06 - [MESSAGE][PASSED] - Text '0359912894' is set on object 'Object Repository/Katalon Shop (Ecommerce)/Page_Checkout  Katalon Shop/input__billing_phone'

2023-11-10 11:10:06 - [TEST_STEP][PASSED] - setText(findTestObject("Object Repository/Katalon Shop (Ecommerce)/Page_Checkout  Katalon Shop/input__billing_email"), billingEmail): Text 'testing@test.com' is set on object 'Object Repository/Katalon Shop (Ecommerce)/Page_Checkout  Katalon Shop/input__billing_email'

2023-11-10 11:10:08 - [MESSAGE][PASSED] - Text 'testing@test.com' is set on object 'Object Repository/Katalon Shop (Ecommerce)/Page_Checkout  Katalon Shop/input__billing_email'

2023-11-10 11:10:08 - [TEST_STEP][PASSED] - click(findTestObject("Object Repository/Katalon Shop (Ecommerce)/Page_Checkout  Katalon Shop/button_Place order")): Object: 'Object Repository/Katalon Shop (Ecommerce)/Page_Checkout  Katalon Shop/button_Place order' is clicked on

2023-11-10 11:10:08 - [MESSAGE][PASSED] - Object: 'Object Repository/Katalon Shop (Ecommerce)/Page_Checkout  Katalon Shop/button_Place order' is clicked on

2023-11-10 11:10:08 - [TEST_STEP][PASSED] - verifyElementPresent(findTestObject("Object Repository/Katalon Shop (Ecommerce)/Page_Checkout  Katalon Shop/h1_Checkout"), 0): Object 'Object Repository/Katalon Shop (Ecommerce)/Page_Checkout  Katalon Shop/h1_Checkout' is present

2023-11-10 11:10:08 - [MESSAGE][WARNING] - Timeout '0' is invalid. Using default page load timeout: '30'

2023-11-10 11:10:13 - [MESSAGE][PASSED] - Object 'Object Repository/Katalon Shop (Ecommerce)/Page_Checkout  Katalon Shop/h1_Checkout' is present

2023-11-10 11:10:13 - [TEST_STEP][PASSED] - verifyElementPresent(findTestObject("Object Repository/Katalon Shop (Ecommerce)/Page_Checkout  Katalon Shop/p_Thank you. Your order has been received"), 0): Object 'Object Repository/Katalon Shop (Ecommerce)/Page_Checkout  Katalon Shop/p_Thank you. Your order has been received' is present

2023-11-10 11:10:13 - [MESSAGE][WARNING] - Timeout '0' is invalid. Using default page load timeout: '30'

2023-11-10 11:10:13 - [MESSAGE][PASSED] - Object 'Object Repository/Katalon Shop (Ecommerce)/Page_Checkout  Katalon Shop/p_Thank you. Your order has been received' is present]]></system-out>
         <system-err><![CDATA[]]></system-err>
      </testcase>
      <testcase name="Test Cases/Day 02 - Training Day/Exercise 1/TC04 - Checkout Functionality/TC04_03 - (TR) Checkout Functionality" time="41.303" classname="Test Cases/Day 02 - Training Day/Exercise 1/TC04 - Checkout Functionality/TC04_03 - (TR) Checkout Functionality" status="PASSED">
         <system-out><![CDATA[2023-11-10 11:10:13 - [TEST_CASE][PASSED] - Test Cases/Day 02 - Training Day/Exercise 1/TC04 - Checkout Functionality/TC04_03 - (TR) Checkout Functionality: Test Cases/Day 02 - Training Day/Exercise 1/TC04 - Checkout Functionality/TC04_03 - (TR) Checkout Functionality

2023-11-10 11:10:15 - [TEST_STEP][PASSED] - openBrowser(""): Browser is opened with url: ''

2023-11-10 11:10:15 - [MESSAGE][WARNING] - A browser is already opened. Closing browser and opening a new one

2023-11-10 11:10:16 - [MESSAGE][INFO] - Starting 'Chrome' driver

2023-11-10 11:10:16 - [MESSAGE][INFO] - Action delay is set to 0 milliseconds

2023-11-10 11:10:18 - [MESSAGE][PASSED] - Browser is opened with url: ''

2023-11-10 11:10:18 - [TEST_STEP][PASSED] - navigateToUrl("https://cms.demo.katalon.com/"): Navigate to 'https://cms.demo.katalon.com/' successfully

2023-11-10 11:10:22 - [MESSAGE][PASSED] - Navigate to 'https://cms.demo.katalon.com/' successfully

2023-11-10 11:10:22 - [TEST_STEP][PASSED] - switchToWindowTitle("Katalon Shop – Katalon Ecommerce"): Switched to window with title: 'Katalon Shop – Katalon Ecommerce'

2023-11-10 11:10:22 - [MESSAGE][PASSED] - Switched to window with title: 'Katalon Shop – Katalon Ecommerce'

2023-11-10 11:10:22 - [TEST_STEP][PASSED] - click(findTestObject("Object Repository/Katalon Shop (Ecommerce)/Page_Katalon Shop  Katalon Ecommerce/a_Add to cart (1)")): Object: 'Object Repository/Katalon Shop (Ecommerce)/Page_Katalon Shop  Katalon Ecommerce/a_Add to cart (1)' is clicked on

2023-11-10 11:10:23 - [MESSAGE][PASSED] - Object: 'Object Repository/Katalon Shop (Ecommerce)/Page_Katalon Shop  Katalon Ecommerce/a_Add to cart (1)' is clicked on

2023-11-10 11:10:23 - [TEST_STEP][PASSED] - click(findTestObject("Object Repository/Katalon Shop (Ecommerce)/Page_Katalon Shop  Katalon Ecommerce/a_View cart (1)")): Object: 'Object Repository/Katalon Shop (Ecommerce)/Page_Katalon Shop  Katalon Ecommerce/a_View cart (1)' is clicked on

2023-11-10 11:10:26 - [MESSAGE][PASSED] - Object: 'Object Repository/Katalon Shop (Ecommerce)/Page_Katalon Shop  Katalon Ecommerce/a_View cart (1)' is clicked on

2023-11-10 11:10:26 - [TEST_STEP][PASSED] - click(findTestObject("Object Repository/Katalon Shop (Ecommerce)/Page_Cart  Katalon Shop/a_Proceed to checkout")): Object: 'Object Repository/Katalon Shop (Ecommerce)/Page_Cart  Katalon Shop/a_Proceed to checkout' is clicked on

2023-11-10 11:10:29 - [MESSAGE][PASSED] - Object: 'Object Repository/Katalon Shop (Ecommerce)/Page_Cart  Katalon Shop/a_Proceed to checkout' is clicked on

2023-11-10 11:10:29 - [TEST_STEP][PASSED] - setText(findTestObject("Object Repository/Katalon Shop (Ecommerce)/Page_Checkout  Katalon Shop/input__billing_first_name"), billingFirstName): Text 'Katalon' is set on object 'Object Repository/Katalon Shop (Ecommerce)/Page_Checkout  Katalon Shop/input__billing_first_name'

2023-11-10 11:10:30 - [MESSAGE][PASSED] - Text 'Katalon' is set on object 'Object Repository/Katalon Shop (Ecommerce)/Page_Checkout  Katalon Shop/input__billing_first_name'

2023-11-10 11:10:30 - [TEST_STEP][PASSED] - setText(findTestObject("Object Repository/Katalon Shop (Ecommerce)/Page_Checkout  Katalon Shop/input__billing_last_name"), billingLastName): Text 'Customer' is set on object 'Object Repository/Katalon Shop (Ecommerce)/Page_Checkout  Katalon Shop/input__billing_last_name'

2023-11-10 11:10:31 - [MESSAGE][PASSED] - Text 'Customer' is set on object 'Object Repository/Katalon Shop (Ecommerce)/Page_Checkout  Katalon Shop/input__billing_last_name'

2023-11-10 11:10:31 - [TEST_STEP][PASSED] - setText(findTestObject("Object Repository/Katalon Shop (Ecommerce)/Page_Checkout  Katalon Shop/input_(optional)_billing_company"), biliingCompany): Text 'KMS' is set on object 'Object Repository/Katalon Shop (Ecommerce)/Page_Checkout  Katalon Shop/input_(optional)_billing_company'

2023-11-10 11:10:32 - [MESSAGE][PASSED] - Text 'KMS' is set on object 'Object Repository/Katalon Shop (Ecommerce)/Page_Checkout  Katalon Shop/input_(optional)_billing_company'

2023-11-10 11:10:32 - [TEST_STEP][PASSED] - click(findTestObject("Object Repository/Katalon Shop (Ecommerce)/Page_Checkout  Katalon Shop/Page_Checkout  Katalon Shop/span_Malaysia")): Object: 'Object Repository/Katalon Shop (Ecommerce)/Page_Checkout  Katalon Shop/Page_Checkout  Katalon Shop/span_Malaysia' is clicked on

2023-11-10 11:10:32 - [MESSAGE][PASSED] - Object: 'Object Repository/Katalon Shop (Ecommerce)/Page_Checkout  Katalon Shop/Page_Checkout  Katalon Shop/span_Malaysia' is clicked on

2023-11-10 11:10:32 - [TEST_STEP][PASSED] - setText(findTestObject("Katalon Shop (Ecommerce)/Page_Checkout  Katalon Shop/input__select2-search__field"), country): Text 'Turkey' is set on object 'Object Repository/Katalon Shop (Ecommerce)/Page_Checkout  Katalon Shop/input__select2-search__field'

2023-11-10 11:10:33 - [MESSAGE][PASSED] - Text 'Turkey' is set on object 'Object Repository/Katalon Shop (Ecommerce)/Page_Checkout  Katalon Shop/input__select2-search__field'

2023-11-10 11:10:33 - [TEST_STEP][PASSED] - click(findTestObject("Katalon Shop (Ecommerce)/Page_Checkout  Katalon Shop/li_Vietnam", ["country":country])): Object: 'Object Repository/Katalon Shop (Ecommerce)/Page_Checkout  Katalon Shop/li_Vietnam' is clicked on

2023-11-10 11:10:34 - [MESSAGE][PASSED] - Object: 'Object Repository/Katalon Shop (Ecommerce)/Page_Checkout  Katalon Shop/li_Vietnam' is clicked on

2023-11-10 11:10:34 - [TEST_STEP][PASSED] - setText(findTestObject("Object Repository/Katalon Shop (Ecommerce)/Page_Checkout  Katalon Shop/input__billing_address_1"), billingAddress): Text '4, Şenlikköy Mh.' is set on object 'Object Repository/Katalon Shop (Ecommerce)/Page_Checkout  Katalon Shop/input__billing_address_1'

2023-11-10 11:10:35 - [MESSAGE][PASSED] - Text '4, Şenlikköy Mh.' is set on object 'Object Repository/Katalon Shop (Ecommerce)/Page_Checkout  Katalon Shop/input__billing_address_1'

2023-11-10 11:10:35 - [TEST_STEP][PASSED] - setText(findTestObject("Object Repository/Katalon Shop (Ecommerce)/Page_Checkout  Katalon Shop/input__billing_postcode"), billingPostcode): Text '34153' is set on object 'Object Repository/Katalon Shop (Ecommerce)/Page_Checkout  Katalon Shop/input__billing_postcode'

2023-11-10 11:10:36 - [MESSAGE][PASSED] - Text '34153' is set on object 'Object Repository/Katalon Shop (Ecommerce)/Page_Checkout  Katalon Shop/input__billing_postcode'

2023-11-10 11:10:36 - [TEST_STEP][PASSED] - setText(findTestObject("Object Repository/Katalon Shop (Ecommerce)/Page_Checkout  Katalon Shop/input__billing_city"), billingTown): Text 'Bakırköy' is set on object 'Object Repository/Katalon Shop (Ecommerce)/Page_Checkout  Katalon Shop/input__billing_city'

2023-11-10 11:10:37 - [MESSAGE][PASSED] - Text 'Bakırköy' is set on object 'Object Repository/Katalon Shop (Ecommerce)/Page_Checkout  Katalon Shop/input__billing_city'

2023-11-10 11:10:37 - [TEST_STEP][PASSED] - click(findTestObject("Katalon Shop (Ecommerce)/Page_Checkout  Katalon Shop/Page_Checkout  Katalon Shop/select_Province")): Object: 'Object Repository/Katalon Shop (Ecommerce)/Page_Checkout  Katalon Shop/Page_Checkout  Katalon Shop/select_Province' is clicked on

2023-11-10 11:10:38 - [MESSAGE][PASSED] - Object: 'Object Repository/Katalon Shop (Ecommerce)/Page_Checkout  Katalon Shop/Page_Checkout  Katalon Shop/select_Province' is clicked on

2023-11-10 11:10:38 - [TEST_STEP][PASSED] - setText(findTestObject("Katalon Shop (Ecommerce)/Page_Checkout  Katalon Shop/Page_Checkout  Katalon Shop/input__select2-search__field"), billingProvince): Text 'Kars' is set on object 'Object Repository/Katalon Shop (Ecommerce)/Page_Checkout  Katalon Shop/Page_Checkout  Katalon Shop/input__select2-search__field'

2023-11-10 11:10:40 - [MESSAGE][PASSED] - Text 'Kars' is set on object 'Object Repository/Katalon Shop (Ecommerce)/Page_Checkout  Katalon Shop/Page_Checkout  Katalon Shop/input__select2-search__field'

2023-11-10 11:10:40 - [TEST_STEP][PASSED] - click(findTestObject("Katalon Shop (Ecommerce)/Page_Checkout  Katalon Shop/Page_Checkout  Katalon Shop/li_stanbul", ["billingProvince":billingProvince])): Object: 'Object Repository/Katalon Shop (Ecommerce)/Page_Checkout  Katalon Shop/Page_Checkout  Katalon Shop/li_stanbul' is clicked on

2023-11-10 11:10:40 - [MESSAGE][PASSED] - Object: 'Object Repository/Katalon Shop (Ecommerce)/Page_Checkout  Katalon Shop/Page_Checkout  Katalon Shop/li_stanbul' is clicked on

2023-11-10 11:10:40 - [TEST_STEP][PASSED] - setText(findTestObject("Object Repository/Katalon Shop (Ecommerce)/Page_Checkout  Katalon Shop/input__billing_phone"), billingPhone): Text '0359912894' is set on object 'Object Repository/Katalon Shop (Ecommerce)/Page_Checkout  Katalon Shop/input__billing_phone'

2023-11-10 11:10:41 - [MESSAGE][PASSED] - Text '0359912894' is set on object 'Object Repository/Katalon Shop (Ecommerce)/Page_Checkout  Katalon Shop/input__billing_phone'

2023-11-10 11:10:41 - [TEST_STEP][PASSED] - setText(findTestObject("Object Repository/Katalon Shop (Ecommerce)/Page_Checkout  Katalon Shop/input__billing_email"), billingEmail): Text 'testing@test.com' is set on object 'Object Repository/Katalon Shop (Ecommerce)/Page_Checkout  Katalon Shop/input__billing_email'

2023-11-10 11:10:42 - [MESSAGE][PASSED] - Text 'testing@test.com' is set on object 'Object Repository/Katalon Shop (Ecommerce)/Page_Checkout  Katalon Shop/input__billing_email'

2023-11-10 11:10:42 - [TEST_STEP][PASSED] - click(findTestObject("Object Repository/Katalon Shop (Ecommerce)/Page_Checkout  Katalon Shop/button_Place order")): Object: 'Object Repository/Katalon Shop (Ecommerce)/Page_Checkout  Katalon Shop/button_Place order' is clicked on

2023-11-10 11:10:50 - [MESSAGE][PASSED] - Object: 'Object Repository/Katalon Shop (Ecommerce)/Page_Checkout  Katalon Shop/button_Place order' is clicked on

2023-11-10 11:10:50 - [TEST_STEP][PASSED] - verifyElementPresent(findTestObject("Object Repository/Katalon Shop (Ecommerce)/Page_Checkout  Katalon Shop/h1_Checkout"), 0): Object 'Object Repository/Katalon Shop (Ecommerce)/Page_Checkout  Katalon Shop/h1_Checkout' is present

2023-11-10 11:10:50 - [MESSAGE][WARNING] - Timeout '0' is invalid. Using default page load timeout: '30'

2023-11-10 11:10:54 - [MESSAGE][PASSED] - Object 'Object Repository/Katalon Shop (Ecommerce)/Page_Checkout  Katalon Shop/h1_Checkout' is present

2023-11-10 11:10:54 - [TEST_STEP][PASSED] - verifyElementPresent(findTestObject("Object Repository/Katalon Shop (Ecommerce)/Page_Checkout  Katalon Shop/p_Thank you. Your order has been received"), 0): Object 'Object Repository/Katalon Shop (Ecommerce)/Page_Checkout  Katalon Shop/p_Thank you. Your order has been received' is present

2023-11-10 11:10:55 - [MESSAGE][WARNING] - Timeout '0' is invalid. Using default page load timeout: '30'

2023-11-10 11:10:55 - [MESSAGE][PASSED] - Object 'Object Repository/Katalon Shop (Ecommerce)/Page_Checkout  Katalon Shop/p_Thank you. Your order has been received' is present]]></system-out>
         <system-err><![CDATA[]]></system-err>
      </testcase>
      <system-out><![CDATA[2023-11-10 11:08:06 - [TEST_SUITE][PASSED] - Test TS: Test Cases/Day 02 - Training Day/Exercise 1/TC04 - Checkout Functionality/TC04_03 - (TR) Checkout Functionality]]></system-out>
      <system-err><![CDATA[]]></system-err>
   </testsuite>
</testsuites>
