<?xml version="1.0" encoding="UTF-8"?>
<testsuites name="Test TS" time="158.54" tests="6" failures="0" errors="0">
   <testsuite name="Test TS" tests="6" failures="0" errors="0" time="158.54" skipped="0" timestamp="2023-11-05 13:58:49" hostname="Hasnul - DESKTOP-PMPE6DF" id="Test Suites/Katalon Training Day 2/Test TS">
      <properties>
         <property name="deviceName" value=""/>
         <property name="devicePlatform" value=""/>
         <property name="logFolder" value="C:\\Users\\Hasnul\\Katalon Studio\\My First Desktop Project\\Reports\\20231105_135829\\Katalon Training Day 2\\Test TS\\20231105_135830"/>
         <property name="logFiles" value="C:\\Users\\Hasnul\\Katalon Studio\\My First Desktop Project\\Reports\\20231105_135829\\Katalon Training Day 2\\Test TS\\20231105_135830\\execution0.log"/>
         <property name="attachments" value="C:\\Users\\Hasnul\\Katalon Studio\\My First Desktop Project\\Reports\\20231105_135829\\Katalon Training Day 2\\Test TS\\20231105_135830\\1699164031750.png"/>
         <property name="hostName" value="Hasnul - DESKTOP-PMPE6DF"/>
         <property name="os" value="Windows 10 64bit"/>
         <property name="katalonVersion" value="8.6.8.208"/>
         <property name="browser" value="Chrome 119.0.6045.105"/>
         <property name="hostAddress" value="192.168.56.1"/>
         <property name="sessionId" value="2cebf64ec675d2054b88c874a52215ce"/>
         <property name="seleniumVersion" value="3.141.59"/>
         <property name="proxyInformation" value="ProxyInformation { proxyOption=NO_PROXY, proxyServerType=HTTP, username=, password=********, proxyServerAddress=, proxyServerPort=0, executionList=&quot;&quot;, isApplyToDesiredCapabilities=true }"/>
         <property name="platform" value="Windows 10"/>
      </properties>
      <testcase name="Test Cases/Day 02 - Training Day/Exercise 1/TC01 - Login Functionality" time="35.942" classname="Test Cases/Day 02 - Training Day/Exercise 1/TC01 - Login Functionality" status="PASSED">
         <system-out><![CDATA[2023-11-05 13:58:50 - [TEST_CASE][PASSED] - Test Cases/Day 02 - Training Day/Exercise 1/TC01 - Login Functionality: Test Cases/Day 02 - Training Day/Exercise 1/TC01 - Login Functionality

2023-11-05 13:58:53 - [TEST_STEP][PASSED] - openBrowser(""): Browser is opened with url: ''

2023-11-05 13:58:56 - [MESSAGE][INFO] - Starting 'Chrome (headless)' driver

2023-11-05 13:58:56 - [MESSAGE][INFO] - Action delay is set to 0 milliseconds

2023-11-05 13:59:04 - [MESSAGE][PASSED] - Browser is opened with url: ''

2023-11-05 13:59:04 - [TEST_STEP][PASSED] - navigateToUrl(url): Navigate to 'https://cms.demo.katalon.com/' successfully

2023-11-05 13:59:14 - [MESSAGE][PASSED] - Navigate to 'https://cms.demo.katalon.com/' successfully

2023-11-05 13:59:14 - [TEST_STEP][PASSED] - maximizeWindow(): Current window maximized

2023-11-05 13:59:15 - [MESSAGE][PASSED] - Current window maximized

2023-11-05 13:59:15 - [TEST_STEP][PASSED] - click(findTestObject("Object Repository/Katalon Shop (Ecommerce)/Page_Katalon Shop  Katalon Ecommerce/a_My account")): Object: 'Object Repository/Katalon Shop (Ecommerce)/Page_Katalon Shop  Katalon Ecommerce/a_My account' is clicked on

2023-11-05 13:59:18 - [MESSAGE][PASSED] - Object: 'Object Repository/Katalon Shop (Ecommerce)/Page_Katalon Shop  Katalon Ecommerce/a_My account' is clicked on

2023-11-05 13:59:18 - [TEST_STEP][PASSED] - setText(findTestObject("Object Repository/Katalon Shop (Ecommerce)/Page_My account  Katalon Shop/input__username"), username): Text 'customer' is set on object 'Object Repository/Katalon Shop (Ecommerce)/Page_My account  Katalon Shop/input__username'

2023-11-05 13:59:21 - [MESSAGE][PASSED] - Text 'customer' is set on object 'Object Repository/Katalon Shop (Ecommerce)/Page_My account  Katalon Shop/input__username'

2023-11-05 13:59:21 - [TEST_STEP][PASSED] - setEncryptedText(findTestObject("Object Repository/Katalon Shop (Ecommerce)/Page_My account  Katalon Shop/input__password"), password): Text ****** has been set on object 'Object Repository/Katalon Shop (Ecommerce)/Page_My account  Katalon Shop/input__password'

2023-11-05 13:59:21 - [MESSAGE][PASSED] - Text ****** has been set on object 'Object Repository/Katalon Shop (Ecommerce)/Page_My account  Katalon Shop/input__password'

2023-11-05 13:59:21 - [TEST_STEP][PASSED] - click(findTestObject("Object Repository/Katalon Shop (Ecommerce)/Page_My account  Katalon Shop/input__rememberme")): Object: 'Object Repository/Katalon Shop (Ecommerce)/Page_My account  Katalon Shop/input__rememberme' is clicked on

2023-11-05 13:59:22 - [MESSAGE][PASSED] - Object: 'Object Repository/Katalon Shop (Ecommerce)/Page_My account  Katalon Shop/input__rememberme' is clicked on

2023-11-05 13:59:22 - [TEST_STEP][PASSED] - click(findTestObject("Object Repository/Katalon Shop (Ecommerce)/Page_My account  Katalon Shop/button_Log in")): Object: 'Object Repository/Katalon Shop (Ecommerce)/Page_My account  Katalon Shop/button_Log in' is clicked on

2023-11-05 13:59:26 - [MESSAGE][PASSED] - Object: 'Object Repository/Katalon Shop (Ecommerce)/Page_My account  Katalon Shop/button_Log in' is clicked on

2023-11-05 13:59:26 - [TEST_STEP][PASSED] - verifyElementPresent(findTestObject("Object Repository/Katalon Shop (Ecommerce)/Page_My account  Katalon Shop/p_Hello KatalonLover (not KatalonLover Log out)"), 0): Object 'Object Repository/Katalon Shop (Ecommerce)/Page_My account  Katalon Shop/p_Hello KatalonLover (not KatalonLover Log out)' is present

2023-11-05 13:59:26 - [MESSAGE][WARNING] - Timeout '0' is invalid. Using default page load timeout: '30'

2023-11-05 13:59:26 - [MESSAGE][PASSED] - Object 'Object Repository/Katalon Shop (Ecommerce)/Page_My account  Katalon Shop/p_Hello KatalonLover (not KatalonLover Log out)' is present]]></system-out>
         <system-err><![CDATA[]]></system-err>
      </testcase>
      <testcase name="Test Cases/Day 02 - Training Day/Exercise 1/TC02 - Search Functionality" time="28.715" classname="Test Cases/Day 02 - Training Day/Exercise 1/TC02 - Search Functionality" status="PASSED">
         <system-out><![CDATA[2023-11-05 13:59:26 - [TEST_CASE][PASSED] - Test Cases/Day 02 - Training Day/Exercise 1/TC02 - Search Functionality: Test Cases/Day 02 - Training Day/Exercise 1/TC02 - Search Functionality

2023-11-05 13:59:28 - [TEST_STEP][PASSED] - callTestCase(findTestCase("Day 02 - Training Day/Exercise 1/TC01 - Login Functionality"), ["url":"https://cms.demo.katalon.com/", "name":"customer", "password":"fcttOx1e+dws0mP0AWb2uMRTnZbRfS0W"], STOP_ON_FAILURE): Call Test Case 'Test Cases/Day 02 - Training Day/Exercise 1/TC01 - Login Functionality' successfully

2023-11-05 13:59:28 - [TEST_CASE][PASSED] - Test Cases/Day 02 - Training Day/Exercise 1/TC01 - Login Functionality: Test Cases/Day 02 - Training Day/Exercise 1/TC01 - Login Functionality

2023-11-05 13:59:28 - [TEST_STEP][PASSED] - openBrowser(""): Browser is opened with url: ''

2023-11-05 13:59:28 - [MESSAGE][WARNING] - A browser is already opened. Closing browser and opening a new one

2023-11-05 13:59:35 - [MESSAGE][INFO] - Starting 'Chrome (headless)' driver

2023-11-05 13:59:35 - [MESSAGE][INFO] - Action delay is set to 0 milliseconds

2023-11-05 13:59:37 - [MESSAGE][PASSED] - Browser is opened with url: ''

2023-11-05 13:59:37 - [TEST_STEP][PASSED] - navigateToUrl(url): Navigate to 'https://cms.demo.katalon.com/' successfully

2023-11-05 13:59:42 - [MESSAGE][PASSED] - Navigate to 'https://cms.demo.katalon.com/' successfully

2023-11-05 13:59:42 - [TEST_STEP][PASSED] - maximizeWindow(): Current window maximized

2023-11-05 13:59:43 - [MESSAGE][PASSED] - Current window maximized

2023-11-05 13:59:43 - [TEST_STEP][PASSED] - click(findTestObject("Object Repository/Katalon Shop (Ecommerce)/Page_Katalon Shop  Katalon Ecommerce/a_My account")): Object: 'Object Repository/Katalon Shop (Ecommerce)/Page_Katalon Shop  Katalon Ecommerce/a_My account' is clicked on

2023-11-05 13:59:46 - [MESSAGE][PASSED] - Object: 'Object Repository/Katalon Shop (Ecommerce)/Page_Katalon Shop  Katalon Ecommerce/a_My account' is clicked on

2023-11-05 13:59:46 - [TEST_STEP][PASSED] - setText(findTestObject("Object Repository/Katalon Shop (Ecommerce)/Page_My account  Katalon Shop/input__username"), username): Text 'customer' is set on object 'Object Repository/Katalon Shop (Ecommerce)/Page_My account  Katalon Shop/input__username'

2023-11-05 13:59:46 - [MESSAGE][PASSED] - Text 'customer' is set on object 'Object Repository/Katalon Shop (Ecommerce)/Page_My account  Katalon Shop/input__username'

2023-11-05 13:59:46 - [TEST_STEP][PASSED] - setEncryptedText(findTestObject("Object Repository/Katalon Shop (Ecommerce)/Page_My account  Katalon Shop/input__password"), password): Text ****** has been set on object 'Object Repository/Katalon Shop (Ecommerce)/Page_My account  Katalon Shop/input__password'

2023-11-05 13:59:47 - [MESSAGE][PASSED] - Text ****** has been set on object 'Object Repository/Katalon Shop (Ecommerce)/Page_My account  Katalon Shop/input__password'

2023-11-05 13:59:47 - [TEST_STEP][PASSED] - click(findTestObject("Object Repository/Katalon Shop (Ecommerce)/Page_My account  Katalon Shop/input__rememberme")): Object: 'Object Repository/Katalon Shop (Ecommerce)/Page_My account  Katalon Shop/input__rememberme' is clicked on

2023-11-05 13:59:47 - [MESSAGE][PASSED] - Object: 'Object Repository/Katalon Shop (Ecommerce)/Page_My account  Katalon Shop/input__rememberme' is clicked on

2023-11-05 13:59:47 - [TEST_STEP][PASSED] - click(findTestObject("Object Repository/Katalon Shop (Ecommerce)/Page_My account  Katalon Shop/button_Log in")): Object: 'Object Repository/Katalon Shop (Ecommerce)/Page_My account  Katalon Shop/button_Log in' is clicked on

2023-11-05 13:59:49 - [MESSAGE][PASSED] - Object: 'Object Repository/Katalon Shop (Ecommerce)/Page_My account  Katalon Shop/button_Log in' is clicked on

2023-11-05 13:59:49 - [TEST_STEP][PASSED] - verifyElementPresent(findTestObject("Object Repository/Katalon Shop (Ecommerce)/Page_My account  Katalon Shop/p_Hello KatalonLover (not KatalonLover Log out)"), 0): Object 'Object Repository/Katalon Shop (Ecommerce)/Page_My account  Katalon Shop/p_Hello KatalonLover (not KatalonLover Log out)' is present

2023-11-05 13:59:50 - [MESSAGE][WARNING] - Timeout '0' is invalid. Using default page load timeout: '30'

2023-11-05 13:59:50 - [MESSAGE][PASSED] - Object 'Object Repository/Katalon Shop (Ecommerce)/Page_My account  Katalon Shop/p_Hello KatalonLover (not KatalonLover Log out)' is present

2023-11-05 13:59:50 - [MESSAGE][PASSED] - Call Test Case 'Test Cases/Day 02 - Training Day/Exercise 1/TC01 - Login Functionality' successfully

2023-11-05 13:59:50 - [TEST_STEP][PASSED] - setText(findTestObject("Object Repository/Katalon Shop (Ecommerce)/Page_My account  Katalon Shop/input_Search for_s"), keyword): Text 'Ninja' is set on object 'Object Repository/Katalon Shop (Ecommerce)/Page_My account  Katalon Shop/input_Search for_s'

2023-11-05 13:59:50 - [MESSAGE][PASSED] - Text 'Ninja' is set on object 'Object Repository/Katalon Shop (Ecommerce)/Page_My account  Katalon Shop/input_Search for_s'

2023-11-05 13:59:50 - [TEST_STEP][PASSED] - click(findTestObject("Object Repository/Katalon Shop (Ecommerce)/Page_My account  Katalon Shop/button_Search")): Object: 'Object Repository/Katalon Shop (Ecommerce)/Page_My account  Katalon Shop/button_Search' is clicked on

2023-11-05 13:59:55 - [MESSAGE][PASSED] - Object: 'Object Repository/Katalon Shop (Ecommerce)/Page_My account  Katalon Shop/button_Search' is clicked on

2023-11-05 13:59:55 - [TEST_STEP][PASSED] - verifyElementPresent(findTestObject("Object Repository/Katalon Shop (Ecommerce)/Page_Search Results for Ninja  Katalon Shop/h1_Search Results for Ninja"), 0): Object 'Object Repository/Katalon Shop (Ecommerce)/Page_Search Results for Ninja  Katalon Shop/h1_Search Results for Ninja' is present

2023-11-05 13:59:55 - [MESSAGE][WARNING] - Timeout '0' is invalid. Using default page load timeout: '30'

2023-11-05 13:59:55 - [MESSAGE][PASSED] - Object 'Object Repository/Katalon Shop (Ecommerce)/Page_Search Results for Ninja  Katalon Shop/h1_Search Results for Ninja' is present

2023-11-05 13:59:55 - [TEST_STEP][PASSED] - verifyElementPresent(findTestObject("Object Repository/Katalon Shop (Ecommerce)/Page_Search Results for Ninja  Katalon Shop/span_Ninja"), 0): Object 'Object Repository/Katalon Shop (Ecommerce)/Page_Search Results for Ninja  Katalon Shop/span_Ninja' is present

2023-11-05 13:59:55 - [MESSAGE][WARNING] - Timeout '0' is invalid. Using default page load timeout: '30'

2023-11-05 13:59:55 - [MESSAGE][PASSED] - Object 'Object Repository/Katalon Shop (Ecommerce)/Page_Search Results for Ninja  Katalon Shop/span_Ninja' is present]]></system-out>
         <system-err><![CDATA[]]></system-err>
      </testcase>
      <testcase name="Test Cases/Day 02 - Training Day/Exercise 1/TC03 - Add to Cart Functionality" time="20.725" classname="Test Cases/Day 02 - Training Day/Exercise 1/TC03 - Add to Cart Functionality" status="PASSED">
         <system-out><![CDATA[2023-11-05 13:59:55 - [TEST_CASE][PASSED] - Test Cases/Day 02 - Training Day/Exercise 1/TC03 - Add to Cart Functionality: Test Cases/Day 02 - Training Day/Exercise 1/TC03 - Add to Cart Functionality

2023-11-05 13:59:56 - [TEST_STEP][PASSED] - callTestCase(findTestCase("Day 02 - Training Day/Exercise 1/TC02 - Search Functionality"), ["url":"https://cms.demo.katalon.com/", "name":"customer", "password":"fcttOx1e+dws0mP0AWb2uMRTnZbRfS0W", "keyword":"Ninja"], STOP_ON_FAILURE): Call Test Case 'Test Cases/Day 02 - Training Day/Exercise 1/TC02 - Search Functionality' successfully

2023-11-05 13:59:56 - [TEST_CASE][PASSED] - Test Cases/Day 02 - Training Day/Exercise 1/TC02 - Search Functionality: Test Cases/Day 02 - Training Day/Exercise 1/TC02 - Search Functionality

2023-11-05 13:59:56 - [TEST_STEP][PASSED] - callTestCase(findTestCase("Day 02 - Training Day/Exercise 1/TC01 - Login Functionality"), ["url":"https://cms.demo.katalon.com/", "name":"customer", "password":"fcttOx1e+dws0mP0AWb2uMRTnZbRfS0W"], STOP_ON_FAILURE): Call Test Case 'Test Cases/Day 02 - Training Day/Exercise 1/TC01 - Login Functionality' successfully

2023-11-05 13:59:56 - [TEST_CASE][PASSED] - Test Cases/Day 02 - Training Day/Exercise 1/TC01 - Login Functionality: Test Cases/Day 02 - Training Day/Exercise 1/TC01 - Login Functionality

2023-11-05 13:59:56 - [TEST_STEP][PASSED] - openBrowser(""): Browser is opened with url: ''

2023-11-05 13:59:56 - [MESSAGE][WARNING] - A browser is already opened. Closing browser and opening a new one

2023-11-05 13:59:56 - [MESSAGE][INFO] - Starting 'Chrome (headless)' driver

2023-11-05 13:59:56 - [MESSAGE][INFO] - Action delay is set to 0 milliseconds

2023-11-05 13:59:58 - [MESSAGE][PASSED] - Browser is opened with url: ''

2023-11-05 13:59:58 - [TEST_STEP][PASSED] - navigateToUrl(url): Navigate to 'https://cms.demo.katalon.com/' successfully

2023-11-05 14:00:02 - [MESSAGE][PASSED] - Navigate to 'https://cms.demo.katalon.com/' successfully

2023-11-05 14:00:02 - [TEST_STEP][PASSED] - maximizeWindow(): Current window maximized

2023-11-05 14:00:02 - [MESSAGE][PASSED] - Current window maximized

2023-11-05 14:00:02 - [TEST_STEP][PASSED] - click(findTestObject("Object Repository/Katalon Shop (Ecommerce)/Page_Katalon Shop  Katalon Ecommerce/a_My account")): Object: 'Object Repository/Katalon Shop (Ecommerce)/Page_Katalon Shop  Katalon Ecommerce/a_My account' is clicked on

2023-11-05 14:00:04 - [MESSAGE][PASSED] - Object: 'Object Repository/Katalon Shop (Ecommerce)/Page_Katalon Shop  Katalon Ecommerce/a_My account' is clicked on

2023-11-05 14:00:04 - [TEST_STEP][PASSED] - setText(findTestObject("Object Repository/Katalon Shop (Ecommerce)/Page_My account  Katalon Shop/input__username"), username): Text 'customer' is set on object 'Object Repository/Katalon Shop (Ecommerce)/Page_My account  Katalon Shop/input__username'

2023-11-05 14:00:05 - [MESSAGE][PASSED] - Text 'customer' is set on object 'Object Repository/Katalon Shop (Ecommerce)/Page_My account  Katalon Shop/input__username'

2023-11-05 14:00:05 - [TEST_STEP][PASSED] - setEncryptedText(findTestObject("Object Repository/Katalon Shop (Ecommerce)/Page_My account  Katalon Shop/input__password"), password): Text ****** has been set on object 'Object Repository/Katalon Shop (Ecommerce)/Page_My account  Katalon Shop/input__password'

2023-11-05 14:00:05 - [MESSAGE][PASSED] - Text ****** has been set on object 'Object Repository/Katalon Shop (Ecommerce)/Page_My account  Katalon Shop/input__password'

2023-11-05 14:00:05 - [TEST_STEP][PASSED] - click(findTestObject("Object Repository/Katalon Shop (Ecommerce)/Page_My account  Katalon Shop/input__rememberme")): Object: 'Object Repository/Katalon Shop (Ecommerce)/Page_My account  Katalon Shop/input__rememberme' is clicked on

2023-11-05 14:00:05 - [MESSAGE][PASSED] - Object: 'Object Repository/Katalon Shop (Ecommerce)/Page_My account  Katalon Shop/input__rememberme' is clicked on

2023-11-05 14:00:05 - [TEST_STEP][PASSED] - click(findTestObject("Object Repository/Katalon Shop (Ecommerce)/Page_My account  Katalon Shop/button_Log in")): Object: 'Object Repository/Katalon Shop (Ecommerce)/Page_My account  Katalon Shop/button_Log in' is clicked on

2023-11-05 14:00:07 - [MESSAGE][PASSED] - Object: 'Object Repository/Katalon Shop (Ecommerce)/Page_My account  Katalon Shop/button_Log in' is clicked on

2023-11-05 14:00:07 - [TEST_STEP][PASSED] - verifyElementPresent(findTestObject("Object Repository/Katalon Shop (Ecommerce)/Page_My account  Katalon Shop/p_Hello KatalonLover (not KatalonLover Log out)"), 0): Object 'Object Repository/Katalon Shop (Ecommerce)/Page_My account  Katalon Shop/p_Hello KatalonLover (not KatalonLover Log out)' is present

2023-11-05 14:00:07 - [MESSAGE][WARNING] - Timeout '0' is invalid. Using default page load timeout: '30'

2023-11-05 14:00:07 - [MESSAGE][PASSED] - Object 'Object Repository/Katalon Shop (Ecommerce)/Page_My account  Katalon Shop/p_Hello KatalonLover (not KatalonLover Log out)' is present

2023-11-05 14:00:07 - [MESSAGE][PASSED] - Call Test Case 'Test Cases/Day 02 - Training Day/Exercise 1/TC01 - Login Functionality' successfully

2023-11-05 14:00:07 - [TEST_STEP][PASSED] - setText(findTestObject("Object Repository/Katalon Shop (Ecommerce)/Page_My account  Katalon Shop/input_Search for_s"), keyword): Text 'Ninja' is set on object 'Object Repository/Katalon Shop (Ecommerce)/Page_My account  Katalon Shop/input_Search for_s'

2023-11-05 14:00:07 - [MESSAGE][PASSED] - Text 'Ninja' is set on object 'Object Repository/Katalon Shop (Ecommerce)/Page_My account  Katalon Shop/input_Search for_s'

2023-11-05 14:00:07 - [TEST_STEP][PASSED] - click(findTestObject("Object Repository/Katalon Shop (Ecommerce)/Page_My account  Katalon Shop/button_Search")): Object: 'Object Repository/Katalon Shop (Ecommerce)/Page_My account  Katalon Shop/button_Search' is clicked on

2023-11-05 14:00:12 - [MESSAGE][PASSED] - Object: 'Object Repository/Katalon Shop (Ecommerce)/Page_My account  Katalon Shop/button_Search' is clicked on

2023-11-05 14:00:12 - [TEST_STEP][PASSED] - verifyElementPresent(findTestObject("Object Repository/Katalon Shop (Ecommerce)/Page_Search Results for Ninja  Katalon Shop/h1_Search Results for Ninja"), 0): Object 'Object Repository/Katalon Shop (Ecommerce)/Page_Search Results for Ninja  Katalon Shop/h1_Search Results for Ninja' is present

2023-11-05 14:00:12 - [MESSAGE][WARNING] - Timeout '0' is invalid. Using default page load timeout: '30'

2023-11-05 14:00:12 - [MESSAGE][PASSED] - Object 'Object Repository/Katalon Shop (Ecommerce)/Page_Search Results for Ninja  Katalon Shop/h1_Search Results for Ninja' is present

2023-11-05 14:00:12 - [TEST_STEP][PASSED] - verifyElementPresent(findTestObject("Object Repository/Katalon Shop (Ecommerce)/Page_Search Results for Ninja  Katalon Shop/span_Ninja"), 0): Object 'Object Repository/Katalon Shop (Ecommerce)/Page_Search Results for Ninja  Katalon Shop/span_Ninja' is present

2023-11-05 14:00:12 - [MESSAGE][WARNING] - Timeout '0' is invalid. Using default page load timeout: '30'

2023-11-05 14:00:12 - [MESSAGE][PASSED] - Object 'Object Repository/Katalon Shop (Ecommerce)/Page_Search Results for Ninja  Katalon Shop/span_Ninja' is present

2023-11-05 14:00:12 - [MESSAGE][PASSED] - Call Test Case 'Test Cases/Day 02 - Training Day/Exercise 1/TC02 - Search Functionality' successfully

2023-11-05 14:00:12 - [TEST_STEP][PASSED] - switchToWindowTitle("Search Results for “Ninja” – Katalon Shop"): Switched to window with title: 'Search Results for “Ninja” – Katalon Shop'

2023-11-05 14:00:12 - [MESSAGE][PASSED] - Switched to window with title: 'Search Results for “Ninja” – Katalon Shop'

2023-11-05 14:00:12 - [TEST_STEP][PASSED] - click(findTestObject("Object Repository/Katalon Shop (Ecommerce)/Page_Search Results for Ninja  Katalon Shop/a_Shop")): Object: 'Object Repository/Katalon Shop (Ecommerce)/Page_Search Results for Ninja  Katalon Shop/a_Shop' is clicked on

2023-11-05 14:00:13 - [MESSAGE][PASSED] - Object: 'Object Repository/Katalon Shop (Ecommerce)/Page_Search Results for Ninja  Katalon Shop/a_Shop' is clicked on

2023-11-05 14:00:13 - [TEST_STEP][PASSED] - click(findTestObject("Object Repository/Katalon Shop (Ecommerce)/Page_Katalon Shop  Katalon Ecommerce/a_Add to cart")): Object: 'Object Repository/Katalon Shop (Ecommerce)/Page_Katalon Shop  Katalon Ecommerce/a_Add to cart' is clicked on

2023-11-05 14:00:13 - [MESSAGE][PASSED] - Object: 'Object Repository/Katalon Shop (Ecommerce)/Page_Katalon Shop  Katalon Ecommerce/a_Add to cart' is clicked on

2023-11-05 14:00:13 - [TEST_STEP][PASSED] - click(findTestObject("Object Repository/Katalon Shop (Ecommerce)/Page_Katalon Shop  Katalon Ecommerce/a_View cart")): Object: 'Object Repository/Katalon Shop (Ecommerce)/Page_Katalon Shop  Katalon Ecommerce/a_View cart' is clicked on

2023-11-05 14:00:16 - [MESSAGE][PASSED] - Object: 'Object Repository/Katalon Shop (Ecommerce)/Page_Katalon Shop  Katalon Ecommerce/a_View cart' is clicked on

2023-11-05 14:00:16 - [TEST_STEP][PASSED] - verifyElementPresent(findTestObject("Katalon Shop (Ecommerce)/Page_Cart  Katalon Shop/Page_Cart  Katalon Shop/img__attachment-woocommerce_thumbnail size-woocommerce_thumbnail"), 0): Object 'Object Repository/Katalon Shop (Ecommerce)/Page_Cart  Katalon Shop/Page_Cart  Katalon Shop/img__attachment-woocommerce_thumbnail size-woocommerce_thumbnail' is present

2023-11-05 14:00:16 - [MESSAGE][WARNING] - Timeout '0' is invalid. Using default page load timeout: '30'

2023-11-05 14:00:16 - [MESSAGE][PASSED] - Object 'Object Repository/Katalon Shop (Ecommerce)/Page_Cart  Katalon Shop/Page_Cart  Katalon Shop/img__attachment-woocommerce_thumbnail size-woocommerce_thumbnail' is present]]></system-out>
         <system-err><![CDATA[]]></system-err>
      </testcase>
      <testcase name="Test Cases/Day 02 - Training Day/Exercise 1/TC04 - Checkout Functionality/TC04_01 - (MY) Checkout Functionality" time="18.786" classname="Test Cases/Day 02 - Training Day/Exercise 1/TC04 - Checkout Functionality/TC04_01 - (MY) Checkout Functionality" status="PASSED">
         <system-out><![CDATA[2023-11-05 14:00:31 - [TEST_CASE][PASSED] - Test Cases/Day 02 - Training Day/Exercise 1/TC04 - Checkout Functionality/TC04_01 - (MY) Checkout Functionality: Test Cases/Day 02 - Training Day/Exercise 1/TC04 - Checkout Functionality/TC04_01 - (MY) Checkout Functionality

2023-11-05 14:00:32 - [TEST_STEP][PASSED] - openBrowser(""): Browser is opened with url: ''

2023-11-05 14:00:32 - [MESSAGE][WARNING] - A browser is already opened. Closing browser and opening a new one

2023-11-05 14:00:32 - [MESSAGE][INFO] - Starting 'Chrome (headless)' driver

2023-11-05 14:00:32 - [MESSAGE][INFO] - Action delay is set to 0 milliseconds

2023-11-05 14:00:34 - [MESSAGE][PASSED] - Browser is opened with url: ''

2023-11-05 14:00:34 - [TEST_STEP][PASSED] - navigateToUrl("https://cms.demo.katalon.com/"): Navigate to 'https://cms.demo.katalon.com/' successfully

2023-11-05 14:00:39 - [MESSAGE][PASSED] - Navigate to 'https://cms.demo.katalon.com/' successfully

2023-11-05 14:00:39 - [TEST_STEP][PASSED] - switchToWindowTitle("Katalon Shop – Katalon Ecommerce"): Switched to window with title: 'Katalon Shop – Katalon Ecommerce'

2023-11-05 14:00:39 - [MESSAGE][PASSED] - Switched to window with title: 'Katalon Shop – Katalon Ecommerce'

2023-11-05 14:00:39 - [TEST_STEP][PASSED] - click(findTestObject("Object Repository/Katalon Shop (Ecommerce)/Page_Katalon Shop  Katalon Ecommerce/a_Add to cart (1)")): Object: 'Object Repository/Katalon Shop (Ecommerce)/Page_Katalon Shop  Katalon Ecommerce/a_Add to cart (1)' is clicked on

2023-11-05 14:00:39 - [MESSAGE][PASSED] - Object: 'Object Repository/Katalon Shop (Ecommerce)/Page_Katalon Shop  Katalon Ecommerce/a_Add to cart (1)' is clicked on

2023-11-05 14:00:39 - [TEST_STEP][PASSED] - click(findTestObject("Object Repository/Katalon Shop (Ecommerce)/Page_Katalon Shop  Katalon Ecommerce/a_View cart (1)")): Object: 'Object Repository/Katalon Shop (Ecommerce)/Page_Katalon Shop  Katalon Ecommerce/a_View cart (1)' is clicked on

2023-11-05 14:00:41 - [MESSAGE][PASSED] - Object: 'Object Repository/Katalon Shop (Ecommerce)/Page_Katalon Shop  Katalon Ecommerce/a_View cart (1)' is clicked on

2023-11-05 14:00:41 - [TEST_STEP][PASSED] - click(findTestObject("Object Repository/Katalon Shop (Ecommerce)/Page_Cart  Katalon Shop/a_Proceed to checkout")): Object: 'Object Repository/Katalon Shop (Ecommerce)/Page_Cart  Katalon Shop/a_Proceed to checkout' is clicked on

2023-11-05 14:00:43 - [MESSAGE][PASSED] - Object: 'Object Repository/Katalon Shop (Ecommerce)/Page_Cart  Katalon Shop/a_Proceed to checkout' is clicked on

2023-11-05 14:00:43 - [TEST_STEP][PASSED] - setText(findTestObject("Object Repository/Katalon Shop (Ecommerce)/Page_Checkout  Katalon Shop/input__billing_first_name"), billingFirstName): Text 'Katalon' is set on object 'Object Repository/Katalon Shop (Ecommerce)/Page_Checkout  Katalon Shop/input__billing_first_name'

2023-11-05 14:00:43 - [MESSAGE][PASSED] - Text 'Katalon' is set on object 'Object Repository/Katalon Shop (Ecommerce)/Page_Checkout  Katalon Shop/input__billing_first_name'

2023-11-05 14:00:43 - [TEST_STEP][PASSED] - setText(findTestObject("Object Repository/Katalon Shop (Ecommerce)/Page_Checkout  Katalon Shop/input__billing_last_name"), billingLastName): Text 'Customer' is set on object 'Object Repository/Katalon Shop (Ecommerce)/Page_Checkout  Katalon Shop/input__billing_last_name'

2023-11-05 14:00:44 - [MESSAGE][PASSED] - Text 'Customer' is set on object 'Object Repository/Katalon Shop (Ecommerce)/Page_Checkout  Katalon Shop/input__billing_last_name'

2023-11-05 14:00:44 - [TEST_STEP][PASSED] - setText(findTestObject("Object Repository/Katalon Shop (Ecommerce)/Page_Checkout  Katalon Shop/input_(optional)_billing_company"), biliingCompany): Text 'KMS' is set on object 'Object Repository/Katalon Shop (Ecommerce)/Page_Checkout  Katalon Shop/input_(optional)_billing_company'

2023-11-05 14:00:44 - [MESSAGE][PASSED] - Text 'KMS' is set on object 'Object Repository/Katalon Shop (Ecommerce)/Page_Checkout  Katalon Shop/input_(optional)_billing_company'

2023-11-05 14:00:44 - [TEST_STEP][PASSED] - click(findTestObject("Object Repository/Katalon Shop (Ecommerce)/Page_Checkout  Katalon Shop/Page_Checkout  Katalon Shop/span_Malaysia")): Object: 'Object Repository/Katalon Shop (Ecommerce)/Page_Checkout  Katalon Shop/Page_Checkout  Katalon Shop/span_Malaysia' is clicked on

2023-11-05 14:00:44 - [MESSAGE][PASSED] - Object: 'Object Repository/Katalon Shop (Ecommerce)/Page_Checkout  Katalon Shop/Page_Checkout  Katalon Shop/span_Malaysia' is clicked on

2023-11-05 14:00:44 - [TEST_STEP][PASSED] - setText(findTestObject("Katalon Shop (Ecommerce)/Page_Checkout  Katalon Shop/input__select2-search__field"), country): Text 'Malaysia' is set on object 'Object Repository/Katalon Shop (Ecommerce)/Page_Checkout  Katalon Shop/input__select2-search__field'

2023-11-05 14:00:44 - [MESSAGE][PASSED] - Text 'Malaysia' is set on object 'Object Repository/Katalon Shop (Ecommerce)/Page_Checkout  Katalon Shop/input__select2-search__field'

2023-11-05 14:00:44 - [TEST_STEP][PASSED] - sendKeys(findTestObject("Katalon Shop (Ecommerce)/Page_Checkout  Katalon Shop/Page_Checkout  Katalon Shop/input__select2-search__field"), Keys.chord(ENTER)): Keys 'ENTER + ' sent to object: 'Object Repository/Katalon Shop (Ecommerce)/Page_Checkout  Katalon Shop/Page_Checkout  Katalon Shop/input__select2-search__field'

2023-11-05 14:00:45 - [MESSAGE][PASSED] - Keys 'ENTER + ' sent to object: 'Object Repository/Katalon Shop (Ecommerce)/Page_Checkout  Katalon Shop/Page_Checkout  Katalon Shop/input__select2-search__field'

2023-11-05 14:00:45 - [TEST_STEP][PASSED] - setText(findTestObject("Object Repository/Katalon Shop (Ecommerce)/Page_Checkout  Katalon Shop/input__billing_address_1"), billingAddress): Text 'Lot 4-10, Pavillion, Bukit Bintang' is set on object 'Object Repository/Katalon Shop (Ecommerce)/Page_Checkout  Katalon Shop/input__billing_address_1'

2023-11-05 14:00:45 - [MESSAGE][PASSED] - Text 'Lot 4-10, Pavillion, Bukit Bintang' is set on object 'Object Repository/Katalon Shop (Ecommerce)/Page_Checkout  Katalon Shop/input__billing_address_1'

2023-11-05 14:00:45 - [TEST_STEP][PASSED] - setText(findTestObject("Object Repository/Katalon Shop (Ecommerce)/Page_Checkout  Katalon Shop/input__billing_city"), billingTown): Text 'Keyel' is set on object 'Object Repository/Katalon Shop (Ecommerce)/Page_Checkout  Katalon Shop/input__billing_city'

2023-11-05 14:00:45 - [MESSAGE][PASSED] - Text 'Keyel' is set on object 'Object Repository/Katalon Shop (Ecommerce)/Page_Checkout  Katalon Shop/input__billing_city'

2023-11-05 14:00:45 - [TEST_STEP][PASSED] - click(findTestObject("Katalon Shop (Ecommerce)/Page_Checkout  Katalon Shop/Page_Checkout  Katalon Shop/span_Selangor")): Object: 'Object Repository/Katalon Shop (Ecommerce)/Page_Checkout  Katalon Shop/Page_Checkout  Katalon Shop/span_Selangor' is clicked on

2023-11-05 14:00:45 - [MESSAGE][PASSED] - Object: 'Object Repository/Katalon Shop (Ecommerce)/Page_Checkout  Katalon Shop/Page_Checkout  Katalon Shop/span_Selangor' is clicked on

2023-11-05 14:00:45 - [TEST_STEP][PASSED] - setText(findTestObject("Katalon Shop (Ecommerce)/Page_Checkout  Katalon Shop/input__select2-search__field"), billingState): Text 'Selangor' is set on object 'Object Repository/Katalon Shop (Ecommerce)/Page_Checkout  Katalon Shop/input__select2-search__field'

2023-11-05 14:00:46 - [MESSAGE][PASSED] - Text 'Selangor' is set on object 'Object Repository/Katalon Shop (Ecommerce)/Page_Checkout  Katalon Shop/input__select2-search__field'

2023-11-05 14:00:46 - [TEST_STEP][PASSED] - sendKeys(findTestObject("Katalon Shop (Ecommerce)/Page_Checkout  Katalon Shop/Page_Checkout  Katalon Shop/input__select2-search__field"), Keys.chord(ENTER)): Keys 'ENTER + ' sent to object: 'Object Repository/Katalon Shop (Ecommerce)/Page_Checkout  Katalon Shop/Page_Checkout  Katalon Shop/input__select2-search__field'

2023-11-05 14:00:46 - [MESSAGE][PASSED] - Keys 'ENTER + ' sent to object: 'Object Repository/Katalon Shop (Ecommerce)/Page_Checkout  Katalon Shop/Page_Checkout  Katalon Shop/input__select2-search__field'

2023-11-05 14:00:46 - [TEST_STEP][PASSED] - setText(findTestObject("Object Repository/Katalon Shop (Ecommerce)/Page_Checkout  Katalon Shop/input__billing_postcode"), billingPostcode): Text '621500' is set on object 'Object Repository/Katalon Shop (Ecommerce)/Page_Checkout  Katalon Shop/input__billing_postcode'

2023-11-05 14:00:46 - [MESSAGE][PASSED] - Text '621500' is set on object 'Object Repository/Katalon Shop (Ecommerce)/Page_Checkout  Katalon Shop/input__billing_postcode'

2023-11-05 14:00:46 - [TEST_STEP][PASSED] - setText(findTestObject("Object Repository/Katalon Shop (Ecommerce)/Page_Checkout  Katalon Shop/input__billing_phone"), billingPhone): Text '0359912894' is set on object 'Object Repository/Katalon Shop (Ecommerce)/Page_Checkout  Katalon Shop/input__billing_phone'

2023-11-05 14:00:46 - [MESSAGE][PASSED] - Text '0359912894' is set on object 'Object Repository/Katalon Shop (Ecommerce)/Page_Checkout  Katalon Shop/input__billing_phone'

2023-11-05 14:00:46 - [TEST_STEP][PASSED] - setText(findTestObject("Object Repository/Katalon Shop (Ecommerce)/Page_Checkout  Katalon Shop/input__billing_email"), billingEmail): Text 'testing@test.com' is set on object 'Object Repository/Katalon Shop (Ecommerce)/Page_Checkout  Katalon Shop/input__billing_email'

2023-11-05 14:00:46 - [MESSAGE][PASSED] - Text 'testing@test.com' is set on object 'Object Repository/Katalon Shop (Ecommerce)/Page_Checkout  Katalon Shop/input__billing_email'

2023-11-05 14:00:46 - [TEST_STEP][PASSED] - click(findTestObject("Object Repository/Katalon Shop (Ecommerce)/Page_Checkout  Katalon Shop/button_Place order")): Object: 'Object Repository/Katalon Shop (Ecommerce)/Page_Checkout  Katalon Shop/button_Place order' is clicked on

2023-11-05 14:00:47 - [MESSAGE][PASSED] - Object: 'Object Repository/Katalon Shop (Ecommerce)/Page_Checkout  Katalon Shop/button_Place order' is clicked on

2023-11-05 14:00:47 - [TEST_STEP][PASSED] - verifyElementPresent(findTestObject("Object Repository/Katalon Shop (Ecommerce)/Page_Checkout  Katalon Shop/h1_Checkout"), 0): Object 'Object Repository/Katalon Shop (Ecommerce)/Page_Checkout  Katalon Shop/h1_Checkout' is present

2023-11-05 14:00:47 - [MESSAGE][WARNING] - Timeout '0' is invalid. Using default page load timeout: '30'

2023-11-05 14:00:47 - [MESSAGE][PASSED] - Object 'Object Repository/Katalon Shop (Ecommerce)/Page_Checkout  Katalon Shop/h1_Checkout' is present

2023-11-05 14:00:47 - [TEST_STEP][PASSED] - verifyElementPresent(findTestObject("Object Repository/Katalon Shop (Ecommerce)/Page_Checkout  Katalon Shop/p_Thank you. Your order has been received"), 0): Object 'Object Repository/Katalon Shop (Ecommerce)/Page_Checkout  Katalon Shop/p_Thank you. Your order has been received' is present

2023-11-05 14:00:47 - [MESSAGE][WARNING] - Timeout '0' is invalid. Using default page load timeout: '30'

2023-11-05 14:00:50 - [MESSAGE][PASSED] - Object 'Object Repository/Katalon Shop (Ecommerce)/Page_Checkout  Katalon Shop/p_Thank you. Your order has been received' is present]]></system-out>
         <system-err><![CDATA[]]></system-err>
      </testcase>
      <testcase name="Test Cases/Day 02 - Training Day/Exercise 1/TC04 - Checkout Functionality/TC04_02 - (VNM) Checkout Functionality" time="18.295" classname="Test Cases/Day 02 - Training Day/Exercise 1/TC04 - Checkout Functionality/TC04_02 - (VNM) Checkout Functionality" status="PASSED">
         <system-out><![CDATA[2023-11-05 14:00:50 - [TEST_CASE][PASSED] - Test Cases/Day 02 - Training Day/Exercise 1/TC04 - Checkout Functionality/TC04_02 - (VNM) Checkout Functionality: Test Cases/Day 02 - Training Day/Exercise 1/TC04 - Checkout Functionality/TC04_02 - (VNM) Checkout Functionality

2023-11-05 14:00:51 - [TEST_STEP][PASSED] - openBrowser(""): Browser is opened with url: ''

2023-11-05 14:00:51 - [MESSAGE][WARNING] - A browser is already opened. Closing browser and opening a new one

2023-11-05 14:00:52 - [MESSAGE][INFO] - Starting 'Chrome (headless)' driver

2023-11-05 14:00:52 - [MESSAGE][INFO] - Action delay is set to 0 milliseconds

2023-11-05 14:00:53 - [MESSAGE][PASSED] - Browser is opened with url: ''

2023-11-05 14:00:53 - [TEST_STEP][PASSED] - navigateToUrl("https://cms.demo.katalon.com/"): Navigate to 'https://cms.demo.katalon.com/' successfully

2023-11-05 14:00:58 - [MESSAGE][PASSED] - Navigate to 'https://cms.demo.katalon.com/' successfully

2023-11-05 14:00:58 - [TEST_STEP][PASSED] - switchToWindowTitle("Katalon Shop – Katalon Ecommerce"): Switched to window with title: 'Katalon Shop – Katalon Ecommerce'

2023-11-05 14:00:58 - [MESSAGE][PASSED] - Switched to window with title: 'Katalon Shop – Katalon Ecommerce'

2023-11-05 14:00:58 - [TEST_STEP][PASSED] - click(findTestObject("Object Repository/Katalon Shop (Ecommerce)/Page_Katalon Shop  Katalon Ecommerce/a_Add to cart (1)")): Object: 'Object Repository/Katalon Shop (Ecommerce)/Page_Katalon Shop  Katalon Ecommerce/a_Add to cart (1)' is clicked on

2023-11-05 14:00:58 - [MESSAGE][PASSED] - Object: 'Object Repository/Katalon Shop (Ecommerce)/Page_Katalon Shop  Katalon Ecommerce/a_Add to cart (1)' is clicked on

2023-11-05 14:00:58 - [TEST_STEP][PASSED] - click(findTestObject("Object Repository/Katalon Shop (Ecommerce)/Page_Katalon Shop  Katalon Ecommerce/a_View cart (1)")): Object: 'Object Repository/Katalon Shop (Ecommerce)/Page_Katalon Shop  Katalon Ecommerce/a_View cart (1)' is clicked on

2023-11-05 14:01:00 - [MESSAGE][PASSED] - Object: 'Object Repository/Katalon Shop (Ecommerce)/Page_Katalon Shop  Katalon Ecommerce/a_View cart (1)' is clicked on

2023-11-05 14:01:00 - [TEST_STEP][PASSED] - click(findTestObject("Object Repository/Katalon Shop (Ecommerce)/Page_Cart  Katalon Shop/a_Proceed to checkout")): Object: 'Object Repository/Katalon Shop (Ecommerce)/Page_Cart  Katalon Shop/a_Proceed to checkout' is clicked on

2023-11-05 14:01:02 - [MESSAGE][PASSED] - Object: 'Object Repository/Katalon Shop (Ecommerce)/Page_Cart  Katalon Shop/a_Proceed to checkout' is clicked on

2023-11-05 14:01:02 - [TEST_STEP][PASSED] - setText(findTestObject("Object Repository/Katalon Shop (Ecommerce)/Page_Checkout  Katalon Shop/input__billing_first_name"), billingFirstName): Text 'Katalon' is set on object 'Object Repository/Katalon Shop (Ecommerce)/Page_Checkout  Katalon Shop/input__billing_first_name'

2023-11-05 14:01:02 - [MESSAGE][PASSED] - Text 'Katalon' is set on object 'Object Repository/Katalon Shop (Ecommerce)/Page_Checkout  Katalon Shop/input__billing_first_name'

2023-11-05 14:01:02 - [TEST_STEP][PASSED] - setText(findTestObject("Object Repository/Katalon Shop (Ecommerce)/Page_Checkout  Katalon Shop/input__billing_last_name"), billingLastName): Text 'Customer' is set on object 'Object Repository/Katalon Shop (Ecommerce)/Page_Checkout  Katalon Shop/input__billing_last_name'

2023-11-05 14:01:02 - [MESSAGE][PASSED] - Text 'Customer' is set on object 'Object Repository/Katalon Shop (Ecommerce)/Page_Checkout  Katalon Shop/input__billing_last_name'

2023-11-05 14:01:02 - [TEST_STEP][PASSED] - setText(findTestObject("Object Repository/Katalon Shop (Ecommerce)/Page_Checkout  Katalon Shop/input_(optional)_billing_company"), biliingCompany): Text 'KMS' is set on object 'Object Repository/Katalon Shop (Ecommerce)/Page_Checkout  Katalon Shop/input_(optional)_billing_company'

2023-11-05 14:01:03 - [MESSAGE][PASSED] - Text 'KMS' is set on object 'Object Repository/Katalon Shop (Ecommerce)/Page_Checkout  Katalon Shop/input_(optional)_billing_company'

2023-11-05 14:01:03 - [TEST_STEP][PASSED] - click(findTestObject("Object Repository/Katalon Shop (Ecommerce)/Page_Checkout  Katalon Shop/Page_Checkout  Katalon Shop/span_Malaysia")): Object: 'Object Repository/Katalon Shop (Ecommerce)/Page_Checkout  Katalon Shop/Page_Checkout  Katalon Shop/span_Malaysia' is clicked on

2023-11-05 14:01:03 - [MESSAGE][PASSED] - Object: 'Object Repository/Katalon Shop (Ecommerce)/Page_Checkout  Katalon Shop/Page_Checkout  Katalon Shop/span_Malaysia' is clicked on

2023-11-05 14:01:03 - [TEST_STEP][PASSED] - setText(findTestObject("Object Repository/Katalon Shop (Ecommerce)/Page_Checkout  Katalon Shop/input__select2-search__field"), country): Text 'Vietnam' is set on object 'Object Repository/Katalon Shop (Ecommerce)/Page_Checkout  Katalon Shop/input__select2-search__field'

2023-11-05 14:01:03 - [MESSAGE][PASSED] - Text 'Vietnam' is set on object 'Object Repository/Katalon Shop (Ecommerce)/Page_Checkout  Katalon Shop/input__select2-search__field'

2023-11-05 14:01:03 - [TEST_STEP][PASSED] - sendKeys(findTestObject("Katalon Shop (Ecommerce)/Page_Checkout  Katalon Shop/Page_Checkout  Katalon Shop/input__select2-search__field"), Keys.chord(ENTER)): Keys 'ENTER + ' sent to object: 'Object Repository/Katalon Shop (Ecommerce)/Page_Checkout  Katalon Shop/Page_Checkout  Katalon Shop/input__select2-search__field'

2023-11-05 14:01:03 - [MESSAGE][PASSED] - Keys 'ENTER + ' sent to object: 'Object Repository/Katalon Shop (Ecommerce)/Page_Checkout  Katalon Shop/Page_Checkout  Katalon Shop/input__select2-search__field'

2023-11-05 14:01:03 - [TEST_STEP][PASSED] - setText(findTestObject("Object Repository/Katalon Shop (Ecommerce)/Page_Checkout  Katalon Shop/input__billing_address_1"), billingAddress): Text '119 Nguyen Thi Thap' is set on object 'Object Repository/Katalon Shop (Ecommerce)/Page_Checkout  Katalon Shop/input__billing_address_1'

2023-11-05 14:01:04 - [MESSAGE][PASSED] - Text '119 Nguyen Thi Thap' is set on object 'Object Repository/Katalon Shop (Ecommerce)/Page_Checkout  Katalon Shop/input__billing_address_1'

2023-11-05 14:01:04 - [TEST_STEP][PASSED] - setText(findTestObject("Object Repository/Katalon Shop (Ecommerce)/Page_Checkout  Katalon Shop/input__billing_postcode"), billingPostcode): Text '70000' is set on object 'Object Repository/Katalon Shop (Ecommerce)/Page_Checkout  Katalon Shop/input__billing_postcode'

2023-11-05 14:01:04 - [MESSAGE][PASSED] - Text '70000' is set on object 'Object Repository/Katalon Shop (Ecommerce)/Page_Checkout  Katalon Shop/input__billing_postcode'

2023-11-05 14:01:04 - [TEST_STEP][PASSED] - setText(findTestObject("Object Repository/Katalon Shop (Ecommerce)/Page_Checkout  Katalon Shop/input__billing_city"), billingTown): Text 'HCM' is set on object 'Object Repository/Katalon Shop (Ecommerce)/Page_Checkout  Katalon Shop/input__billing_city'

2023-11-05 14:01:04 - [MESSAGE][PASSED] - Text 'HCM' is set on object 'Object Repository/Katalon Shop (Ecommerce)/Page_Checkout  Katalon Shop/input__billing_city'

2023-11-05 14:01:04 - [TEST_STEP][PASSED] - setText(findTestObject("Object Repository/Katalon Shop (Ecommerce)/Page_Checkout  Katalon Shop/input__billing_phone"), billingPhone): Text '0359912894' is set on object 'Object Repository/Katalon Shop (Ecommerce)/Page_Checkout  Katalon Shop/input__billing_phone'

2023-11-05 14:01:04 - [MESSAGE][PASSED] - Text '0359912894' is set on object 'Object Repository/Katalon Shop (Ecommerce)/Page_Checkout  Katalon Shop/input__billing_phone'

2023-11-05 14:01:04 - [TEST_STEP][PASSED] - setText(findTestObject("Object Repository/Katalon Shop (Ecommerce)/Page_Checkout  Katalon Shop/input__billing_email"), billingEmail): Text 'testing@test.com' is set on object 'Object Repository/Katalon Shop (Ecommerce)/Page_Checkout  Katalon Shop/input__billing_email'

2023-11-05 14:01:05 - [MESSAGE][PASSED] - Text 'testing@test.com' is set on object 'Object Repository/Katalon Shop (Ecommerce)/Page_Checkout  Katalon Shop/input__billing_email'

2023-11-05 14:01:05 - [TEST_STEP][PASSED] - click(findTestObject("Object Repository/Katalon Shop (Ecommerce)/Page_Checkout  Katalon Shop/button_Place order")): Object: 'Object Repository/Katalon Shop (Ecommerce)/Page_Checkout  Katalon Shop/button_Place order' is clicked on

2023-11-05 14:01:05 - [MESSAGE][PASSED] - Object: 'Object Repository/Katalon Shop (Ecommerce)/Page_Checkout  Katalon Shop/button_Place order' is clicked on

2023-11-05 14:01:05 - [TEST_STEP][PASSED] - verifyElementPresent(findTestObject("Object Repository/Katalon Shop (Ecommerce)/Page_Checkout  Katalon Shop/h1_Checkout"), 0): Object 'Object Repository/Katalon Shop (Ecommerce)/Page_Checkout  Katalon Shop/h1_Checkout' is present

2023-11-05 14:01:05 - [MESSAGE][WARNING] - Timeout '0' is invalid. Using default page load timeout: '30'

2023-11-05 14:01:05 - [MESSAGE][PASSED] - Object 'Object Repository/Katalon Shop (Ecommerce)/Page_Checkout  Katalon Shop/h1_Checkout' is present

2023-11-05 14:01:05 - [TEST_STEP][PASSED] - verifyElementPresent(findTestObject("Object Repository/Katalon Shop (Ecommerce)/Page_Checkout  Katalon Shop/p_Thank you. Your order has been received"), 0): Object 'Object Repository/Katalon Shop (Ecommerce)/Page_Checkout  Katalon Shop/p_Thank you. Your order has been received' is present

2023-11-05 14:01:05 - [MESSAGE][WARNING] - Timeout '0' is invalid. Using default page load timeout: '30'

2023-11-05 14:01:08 - [MESSAGE][PASSED] - Object 'Object Repository/Katalon Shop (Ecommerce)/Page_Checkout  Katalon Shop/p_Thank you. Your order has been received' is present]]></system-out>
         <system-err><![CDATA[]]></system-err>
      </testcase>
      <testcase name="Test Cases/Day 02 - Training Day/Exercise 1/TC04 - Checkout Functionality/TC04_03 - (TR) Checkout Functionality" time="18.921" classname="Test Cases/Day 02 - Training Day/Exercise 1/TC04 - Checkout Functionality/TC04_03 - (TR) Checkout Functionality" status="PASSED">
         <system-out><![CDATA[2023-11-05 14:01:08 - [TEST_CASE][PASSED] - Test Cases/Day 02 - Training Day/Exercise 1/TC04 - Checkout Functionality/TC04_03 - (TR) Checkout Functionality: Test Cases/Day 02 - Training Day/Exercise 1/TC04 - Checkout Functionality/TC04_03 - (TR) Checkout Functionality

2023-11-05 14:01:09 - [TEST_STEP][PASSED] - openBrowser(""): Browser is opened with url: ''

2023-11-05 14:01:09 - [MESSAGE][WARNING] - A browser is already opened. Closing browser and opening a new one

2023-11-05 14:01:10 - [MESSAGE][INFO] - Starting 'Chrome (headless)' driver

2023-11-05 14:01:10 - [MESSAGE][INFO] - Action delay is set to 0 milliseconds

2023-11-05 14:01:11 - [MESSAGE][PASSED] - Browser is opened with url: ''

2023-11-05 14:01:11 - [TEST_STEP][PASSED] - navigateToUrl("https://cms.demo.katalon.com/"): Navigate to 'https://cms.demo.katalon.com/' successfully

2023-11-05 14:01:16 - [MESSAGE][PASSED] - Navigate to 'https://cms.demo.katalon.com/' successfully

2023-11-05 14:01:16 - [TEST_STEP][PASSED] - switchToWindowTitle("Katalon Shop – Katalon Ecommerce"): Switched to window with title: 'Katalon Shop – Katalon Ecommerce'

2023-11-05 14:01:16 - [MESSAGE][PASSED] - Switched to window with title: 'Katalon Shop – Katalon Ecommerce'

2023-11-05 14:01:16 - [TEST_STEP][PASSED] - click(findTestObject("Object Repository/Katalon Shop (Ecommerce)/Page_Katalon Shop  Katalon Ecommerce/a_Add to cart (1)")): Object: 'Object Repository/Katalon Shop (Ecommerce)/Page_Katalon Shop  Katalon Ecommerce/a_Add to cart (1)' is clicked on

2023-11-05 14:01:16 - [MESSAGE][PASSED] - Object: 'Object Repository/Katalon Shop (Ecommerce)/Page_Katalon Shop  Katalon Ecommerce/a_Add to cart (1)' is clicked on

2023-11-05 14:01:16 - [TEST_STEP][PASSED] - click(findTestObject("Object Repository/Katalon Shop (Ecommerce)/Page_Katalon Shop  Katalon Ecommerce/a_View cart (1)")): Object: 'Object Repository/Katalon Shop (Ecommerce)/Page_Katalon Shop  Katalon Ecommerce/a_View cart (1)' is clicked on

2023-11-05 14:01:18 - [MESSAGE][PASSED] - Object: 'Object Repository/Katalon Shop (Ecommerce)/Page_Katalon Shop  Katalon Ecommerce/a_View cart (1)' is clicked on

2023-11-05 14:01:18 - [TEST_STEP][PASSED] - click(findTestObject("Object Repository/Katalon Shop (Ecommerce)/Page_Cart  Katalon Shop/a_Proceed to checkout")): Object: 'Object Repository/Katalon Shop (Ecommerce)/Page_Cart  Katalon Shop/a_Proceed to checkout' is clicked on

2023-11-05 14:01:20 - [MESSAGE][PASSED] - Object: 'Object Repository/Katalon Shop (Ecommerce)/Page_Cart  Katalon Shop/a_Proceed to checkout' is clicked on

2023-11-05 14:01:20 - [TEST_STEP][PASSED] - setText(findTestObject("Object Repository/Katalon Shop (Ecommerce)/Page_Checkout  Katalon Shop/input__billing_first_name"), billingFirstName): Text 'Katalon' is set on object 'Object Repository/Katalon Shop (Ecommerce)/Page_Checkout  Katalon Shop/input__billing_first_name'

2023-11-05 14:01:20 - [MESSAGE][PASSED] - Text 'Katalon' is set on object 'Object Repository/Katalon Shop (Ecommerce)/Page_Checkout  Katalon Shop/input__billing_first_name'

2023-11-05 14:01:20 - [TEST_STEP][PASSED] - setText(findTestObject("Object Repository/Katalon Shop (Ecommerce)/Page_Checkout  Katalon Shop/input__billing_last_name"), billingLastName): Text 'Customer' is set on object 'Object Repository/Katalon Shop (Ecommerce)/Page_Checkout  Katalon Shop/input__billing_last_name'

2023-11-05 14:01:20 - [MESSAGE][PASSED] - Text 'Customer' is set on object 'Object Repository/Katalon Shop (Ecommerce)/Page_Checkout  Katalon Shop/input__billing_last_name'

2023-11-05 14:01:20 - [TEST_STEP][PASSED] - setText(findTestObject("Object Repository/Katalon Shop (Ecommerce)/Page_Checkout  Katalon Shop/input_(optional)_billing_company"), biliingCompany): Text 'KMS' is set on object 'Object Repository/Katalon Shop (Ecommerce)/Page_Checkout  Katalon Shop/input_(optional)_billing_company'

2023-11-05 14:01:21 - [MESSAGE][PASSED] - Text 'KMS' is set on object 'Object Repository/Katalon Shop (Ecommerce)/Page_Checkout  Katalon Shop/input_(optional)_billing_company'

2023-11-05 14:01:21 - [TEST_STEP][PASSED] - click(findTestObject("Object Repository/Katalon Shop (Ecommerce)/Page_Checkout  Katalon Shop/Page_Checkout  Katalon Shop/span_Malaysia")): Object: 'Object Repository/Katalon Shop (Ecommerce)/Page_Checkout  Katalon Shop/Page_Checkout  Katalon Shop/span_Malaysia' is clicked on

2023-11-05 14:01:21 - [MESSAGE][PASSED] - Object: 'Object Repository/Katalon Shop (Ecommerce)/Page_Checkout  Katalon Shop/Page_Checkout  Katalon Shop/span_Malaysia' is clicked on

2023-11-05 14:01:21 - [TEST_STEP][PASSED] - setText(findTestObject("Katalon Shop (Ecommerce)/Page_Checkout  Katalon Shop/input__select2-search__field"), country): Text 'Turkey' is set on object 'Object Repository/Katalon Shop (Ecommerce)/Page_Checkout  Katalon Shop/input__select2-search__field'

2023-11-05 14:01:21 - [MESSAGE][PASSED] - Text 'Turkey' is set on object 'Object Repository/Katalon Shop (Ecommerce)/Page_Checkout  Katalon Shop/input__select2-search__field'

2023-11-05 14:01:21 - [TEST_STEP][PASSED] - click(findTestObject("Katalon Shop (Ecommerce)/Page_Checkout  Katalon Shop/li_Vietnam", ["country":country])): Object: 'Object Repository/Katalon Shop (Ecommerce)/Page_Checkout  Katalon Shop/li_Vietnam' is clicked on

2023-11-05 14:01:21 - [MESSAGE][PASSED] - Object: 'Object Repository/Katalon Shop (Ecommerce)/Page_Checkout  Katalon Shop/li_Vietnam' is clicked on

2023-11-05 14:01:21 - [TEST_STEP][PASSED] - setText(findTestObject("Object Repository/Katalon Shop (Ecommerce)/Page_Checkout  Katalon Shop/input__billing_address_1"), billingAddress): Text '4, Şenlikköy Mh.' is set on object 'Object Repository/Katalon Shop (Ecommerce)/Page_Checkout  Katalon Shop/input__billing_address_1'

2023-11-05 14:01:22 - [MESSAGE][PASSED] - Text '4, Şenlikköy Mh.' is set on object 'Object Repository/Katalon Shop (Ecommerce)/Page_Checkout  Katalon Shop/input__billing_address_1'

2023-11-05 14:01:22 - [TEST_STEP][PASSED] - setText(findTestObject("Object Repository/Katalon Shop (Ecommerce)/Page_Checkout  Katalon Shop/input__billing_postcode"), billingPostcode): Text '34153' is set on object 'Object Repository/Katalon Shop (Ecommerce)/Page_Checkout  Katalon Shop/input__billing_postcode'

2023-11-05 14:01:22 - [MESSAGE][PASSED] - Text '34153' is set on object 'Object Repository/Katalon Shop (Ecommerce)/Page_Checkout  Katalon Shop/input__billing_postcode'

2023-11-05 14:01:22 - [TEST_STEP][PASSED] - setText(findTestObject("Object Repository/Katalon Shop (Ecommerce)/Page_Checkout  Katalon Shop/input__billing_city"), billingTown): Text 'Bakırköy' is set on object 'Object Repository/Katalon Shop (Ecommerce)/Page_Checkout  Katalon Shop/input__billing_city'

2023-11-05 14:01:22 - [MESSAGE][PASSED] - Text 'Bakırköy' is set on object 'Object Repository/Katalon Shop (Ecommerce)/Page_Checkout  Katalon Shop/input__billing_city'

2023-11-05 14:01:22 - [TEST_STEP][PASSED] - click(findTestObject("Katalon Shop (Ecommerce)/Page_Checkout  Katalon Shop/Page_Checkout  Katalon Shop/select_Province")): Object: 'Object Repository/Katalon Shop (Ecommerce)/Page_Checkout  Katalon Shop/Page_Checkout  Katalon Shop/select_Province' is clicked on

2023-11-05 14:01:22 - [MESSAGE][PASSED] - Object: 'Object Repository/Katalon Shop (Ecommerce)/Page_Checkout  Katalon Shop/Page_Checkout  Katalon Shop/select_Province' is clicked on

2023-11-05 14:01:22 - [TEST_STEP][PASSED] - setText(findTestObject("Katalon Shop (Ecommerce)/Page_Checkout  Katalon Shop/Page_Checkout  Katalon Shop/input__select2-search__field"), billingProvince): Text 'Kars' is set on object 'Object Repository/Katalon Shop (Ecommerce)/Page_Checkout  Katalon Shop/Page_Checkout  Katalon Shop/input__select2-search__field'

2023-11-05 14:01:23 - [MESSAGE][PASSED] - Text 'Kars' is set on object 'Object Repository/Katalon Shop (Ecommerce)/Page_Checkout  Katalon Shop/Page_Checkout  Katalon Shop/input__select2-search__field'

2023-11-05 14:01:23 - [TEST_STEP][PASSED] - click(findTestObject("Katalon Shop (Ecommerce)/Page_Checkout  Katalon Shop/Page_Checkout  Katalon Shop/li_stanbul", ["billingProvince":billingProvince])): Object: 'Object Repository/Katalon Shop (Ecommerce)/Page_Checkout  Katalon Shop/Page_Checkout  Katalon Shop/li_stanbul' is clicked on

2023-11-05 14:01:23 - [MESSAGE][PASSED] - Object: 'Object Repository/Katalon Shop (Ecommerce)/Page_Checkout  Katalon Shop/Page_Checkout  Katalon Shop/li_stanbul' is clicked on

2023-11-05 14:01:23 - [TEST_STEP][PASSED] - setText(findTestObject("Object Repository/Katalon Shop (Ecommerce)/Page_Checkout  Katalon Shop/input__billing_phone"), billingPhone): Text '0359912894' is set on object 'Object Repository/Katalon Shop (Ecommerce)/Page_Checkout  Katalon Shop/input__billing_phone'

2023-11-05 14:01:23 - [MESSAGE][PASSED] - Text '0359912894' is set on object 'Object Repository/Katalon Shop (Ecommerce)/Page_Checkout  Katalon Shop/input__billing_phone'

2023-11-05 14:01:23 - [TEST_STEP][PASSED] - setText(findTestObject("Object Repository/Katalon Shop (Ecommerce)/Page_Checkout  Katalon Shop/input__billing_email"), billingEmail): Text 'testing@test.com' is set on object 'Object Repository/Katalon Shop (Ecommerce)/Page_Checkout  Katalon Shop/input__billing_email'

2023-11-05 14:01:23 - [MESSAGE][PASSED] - Text 'testing@test.com' is set on object 'Object Repository/Katalon Shop (Ecommerce)/Page_Checkout  Katalon Shop/input__billing_email'

2023-11-05 14:01:23 - [TEST_STEP][PASSED] - click(findTestObject("Object Repository/Katalon Shop (Ecommerce)/Page_Checkout  Katalon Shop/button_Place order")): Object: 'Object Repository/Katalon Shop (Ecommerce)/Page_Checkout  Katalon Shop/button_Place order' is clicked on

2023-11-05 14:01:24 - [MESSAGE][PASSED] - Object: 'Object Repository/Katalon Shop (Ecommerce)/Page_Checkout  Katalon Shop/button_Place order' is clicked on

2023-11-05 14:01:24 - [TEST_STEP][PASSED] - verifyElementPresent(findTestObject("Object Repository/Katalon Shop (Ecommerce)/Page_Checkout  Katalon Shop/h1_Checkout"), 0): Object 'Object Repository/Katalon Shop (Ecommerce)/Page_Checkout  Katalon Shop/h1_Checkout' is present

2023-11-05 14:01:24 - [MESSAGE][WARNING] - Timeout '0' is invalid. Using default page load timeout: '30'

2023-11-05 14:01:24 - [MESSAGE][PASSED] - Object 'Object Repository/Katalon Shop (Ecommerce)/Page_Checkout  Katalon Shop/h1_Checkout' is present

2023-11-05 14:01:24 - [TEST_STEP][PASSED] - verifyElementPresent(findTestObject("Object Repository/Katalon Shop (Ecommerce)/Page_Checkout  Katalon Shop/p_Thank you. Your order has been received"), 0): Object 'Object Repository/Katalon Shop (Ecommerce)/Page_Checkout  Katalon Shop/p_Thank you. Your order has been received' is present

2023-11-05 14:01:24 - [MESSAGE][WARNING] - Timeout '0' is invalid. Using default page load timeout: '30'

2023-11-05 14:01:27 - [MESSAGE][PASSED] - Object 'Object Repository/Katalon Shop (Ecommerce)/Page_Checkout  Katalon Shop/p_Thank you. Your order has been received' is present]]></system-out>
         <system-err><![CDATA[]]></system-err>
      </testcase>
      <system-out><![CDATA[2023-11-05 13:58:49 - [TEST_SUITE][FAILED] - Test TS: Test Cases/Day 02 - Training Day/Exercise 1/TC04 - Checkout Functionality/TC04_01 - (MY) Checkout Functionality FAILED.
Reason:
com.kms.katalon.core.exception.StepFailedException: Unable to click on object 'Object Repository/Katalon Shop (Ecommerce)/Page_Checkout  Katalon Shop/button_Place order'
	at com.kms.katalon.core.webui.keyword.internal.WebUIKeywordMain.stepFailed(WebUIKeywordMain.groovy:64)
	at com.kms.katalon.core.webui.keyword.internal.WebUIKeywordMain.runKeyword(WebUIKeywordMain.groovy:26)
	at com.kms.katalon.core.webui.keyword.builtin.ClickKeyword.click(ClickKeyword.groovy:74)
	at com.kms.katalon.core.webui.keyword.builtin.ClickKeyword.execute(ClickKeyword.groovy:40)
	at com.kms.katalon.core.keyword.internal.KeywordExecutor.executeKeywordForPlatform(KeywordExecutor.groovy:74)
	at com.kms.katalon.core.webui.keyword.WebUiBuiltInKeywords.click(WebUiBuiltInKeywords.groovy:620)
	at com.kms.katalon.core.webui.keyword.WebUiBuiltInKeywords$click$2.call(Unknown Source)
	at TC04_01 - (MY) Checkout Functionality.run(TC04_01 - (MY) Checkout Functionality:70)
	at com.kms.katalon.core.main.ScriptEngine.run(ScriptEngine.java:194)
	at com.kms.katalon.core.main.ScriptEngine.runScriptAsRawText(ScriptEngine.java:119)
	at com.kms.katalon.core.main.TestCaseExecutor.runScript(TestCaseExecutor.java:448)
	at com.kms.katalon.core.main.TestCaseExecutor.doExecute(TestCaseExecutor.java:439)
	at com.kms.katalon.core.main.TestCaseExecutor.processExecutionPhase(TestCaseExecutor.java:418)
	at com.kms.katalon.core.main.TestCaseExecutor.accessMainPhase(TestCaseExecutor.java:410)
	at com.kms.katalon.core.main.TestCaseExecutor.execute(TestCaseExecutor.java:285)
	at com.kms.katalon.core.common.CommonExecutor.accessTestCaseMainPhase(CommonExecutor.java:65)
	at com.kms.katalon.core.main.TestSuiteExecutor.accessTestSuiteMainPhase(TestSuiteExecutor.java:148)
	at com.kms.katalon.core.main.TestSuiteExecutor.execute(TestSuiteExecutor.java:106)
	at com.kms.katalon.core.main.TestCaseMain.startTestSuite(TestCaseMain.java:187)
	at com.kms.katalon.core.main.TestCaseMain$startTestSuite$0.call(Unknown Source)
	at TempTestSuite1699163910134.run(TempTestSuite1699163910134.groovy:36)
Caused by: org.openqa.selenium.StaleElementReferenceException: stale element reference: stale element not found
  (Session info: headless chrome=119.0.6045.105)
For documentation on this error, please visit: https://www.seleniumhq.org/exceptions/stale_element_reference.html
Build info: version: '3.141.59', revision: 'e82be7d358', time: '2018-11-14T08:25:53'
System info: host: 'DESKTOP-PMPE6DF', ip: '192.168.56.1', os.name: 'Windows 10', os.arch: 'amd64', os.version: '10.0', java.version: '1.8.0_362'
Driver info: com.kms.katalon.selenium.driver.CChromeDriver
Capabilities {acceptInsecureCerts: false, browserName: chrome, browserVersion: 119.0.6045.105, chrome: {chromedriverVersion: 119.0.6045.105 (38c72552c5e..., userDataDir: C:\Users\Hasnul\AppData\Loc...}, fedcm:accounts: true, goog:chromeOptions: {debuggerAddress: localhost:58964}, javascriptEnabled: true, networkConnectionEnabled: false, pageLoadStrategy: normal, platform: WINDOWS, platformName: WINDOWS, proxy: Proxy(), setWindowRect: true, strictFileInteractability: false, timeouts: {implicit: 0, pageLoad: 300000, script: 30000}, unhandledPromptBehavior: dismiss and notify, webauthn:extension:credBlob: true, webauthn:extension:largeBlob: true, webauthn:extension:minPinLength: true, webauthn:extension:prf: true, webauthn:virtualAuthenticators: true}
Session ID: 9d1cf29a73c6e812466ed5ab35216103
	at org.openqa.selenium.remote.http.W3CHttpResponseCodec.createException(W3CHttpResponseCodec.java:187)
	at org.openqa.selenium.remote.http.W3CHttpResponseCodec.decode(W3CHttpResponseCodec.java:122)
	at org.openqa.selenium.remote.http.W3CHttpResponseCodec.decode(W3CHttpResponseCodec.java:49)
	at org.openqa.selenium.remote.HttpCommandExecutor.execute(HttpCommandExecutor.java:158)
	at org.openqa.selenium.remote.service.DriverCommandExecutor.execute(DriverCommandExecutor.java:83)
	at org.openqa.selenium.remote.RemoteWebDriver.execute(RemoteWebDriver.java:552)
	at com.kms.katalon.selenium.driver.CChromeDriver.execute(CChromeDriver.java:19)
	at org.openqa.selenium.remote.RemoteWebElement.execute(RemoteWebElement.java:285)
	at org.openqa.selenium.remote.RemoteWebElement.click(RemoteWebElement.java:84)
	at org.openqa.selenium.support.events.EventFiringWebDriver$EventFiringWebElement.lambda$new$0(EventFiringWebDriver.java:404)
	at com.sun.proxy.$Proxy11.click(Unknown Source)
	at org.openqa.selenium.support.events.EventFiringWebDriver$EventFiringWebElement.click(EventFiringWebDriver.java:417)
	at org.openqa.selenium.WebElement$click.call(Unknown Source)
	at com.kms.katalon.core.webui.keyword.builtin.ClickKeyword.clickUntilSuccessWithTimeout(ClickKeyword.groovy:81)
	at com.kms.katalon.core.webui.keyword.builtin.ClickKeyword.clickUntilSuccessWithTimeout(ClickKeyword.groovy)
	at com.kms.katalon.core.webui.keyword.builtin.ClickKeyword$_click_closure1.doCall(ClickKeyword.groovy:67)
	at com.kms.katalon.core.webui.keyword.builtin.ClickKeyword$_click_closure1.call(ClickKeyword.groovy)
	at com.kms.katalon.core.webui.keyword.internal.WebUIKeywordMain.runKeyword(WebUIKeywordMain.groovy:20)
	... 19 more]]></system-out>
      <system-err><![CDATA[2023-11-05 13:58:49 - [TEST_SUITE][FAILED] - Test TS: Test Cases/Day 02 - Training Day/Exercise 1/TC04 - Checkout Functionality/TC04_01 - (MY) Checkout Functionality FAILED.
Reason:
com.kms.katalon.core.exception.StepFailedException: Unable to click on object 'Object Repository/Katalon Shop (Ecommerce)/Page_Checkout  Katalon Shop/button_Place order'
	at com.kms.katalon.core.webui.keyword.internal.WebUIKeywordMain.stepFailed(WebUIKeywordMain.groovy:64)
	at com.kms.katalon.core.webui.keyword.internal.WebUIKeywordMain.runKeyword(WebUIKeywordMain.groovy:26)
	at com.kms.katalon.core.webui.keyword.builtin.ClickKeyword.click(ClickKeyword.groovy:74)
	at com.kms.katalon.core.webui.keyword.builtin.ClickKeyword.execute(ClickKeyword.groovy:40)
	at com.kms.katalon.core.keyword.internal.KeywordExecutor.executeKeywordForPlatform(KeywordExecutor.groovy:74)
	at com.kms.katalon.core.webui.keyword.WebUiBuiltInKeywords.click(WebUiBuiltInKeywords.groovy:620)
	at com.kms.katalon.core.webui.keyword.WebUiBuiltInKeywords$click$2.call(Unknown Source)
	at TC04_01 - (MY) Checkout Functionality.run(TC04_01 - (MY) Checkout Functionality:70)
	at com.kms.katalon.core.main.ScriptEngine.run(ScriptEngine.java:194)
	at com.kms.katalon.core.main.ScriptEngine.runScriptAsRawText(ScriptEngine.java:119)
	at com.kms.katalon.core.main.TestCaseExecutor.runScript(TestCaseExecutor.java:448)
	at com.kms.katalon.core.main.TestCaseExecutor.doExecute(TestCaseExecutor.java:439)
	at com.kms.katalon.core.main.TestCaseExecutor.processExecutionPhase(TestCaseExecutor.java:418)
	at com.kms.katalon.core.main.TestCaseExecutor.accessMainPhase(TestCaseExecutor.java:410)
	at com.kms.katalon.core.main.TestCaseExecutor.execute(TestCaseExecutor.java:285)
	at com.kms.katalon.core.common.CommonExecutor.accessTestCaseMainPhase(CommonExecutor.java:65)
	at com.kms.katalon.core.main.TestSuiteExecutor.accessTestSuiteMainPhase(TestSuiteExecutor.java:148)
	at com.kms.katalon.core.main.TestSuiteExecutor.execute(TestSuiteExecutor.java:106)
	at com.kms.katalon.core.main.TestCaseMain.startTestSuite(TestCaseMain.java:187)
	at com.kms.katalon.core.main.TestCaseMain$startTestSuite$0.call(Unknown Source)
	at TempTestSuite1699163910134.run(TempTestSuite1699163910134.groovy:36)
Caused by: org.openqa.selenium.StaleElementReferenceException: stale element reference: stale element not found
  (Session info: headless chrome=119.0.6045.105)
For documentation on this error, please visit: https://www.seleniumhq.org/exceptions/stale_element_reference.html
Build info: version: '3.141.59', revision: 'e82be7d358', time: '2018-11-14T08:25:53'
System info: host: 'DESKTOP-PMPE6DF', ip: '192.168.56.1', os.name: 'Windows 10', os.arch: 'amd64', os.version: '10.0', java.version: '1.8.0_362'
Driver info: com.kms.katalon.selenium.driver.CChromeDriver
Capabilities {acceptInsecureCerts: false, browserName: chrome, browserVersion: 119.0.6045.105, chrome: {chromedriverVersion: 119.0.6045.105 (38c72552c5e..., userDataDir: C:\Users\Hasnul\AppData\Loc...}, fedcm:accounts: true, goog:chromeOptions: {debuggerAddress: localhost:58964}, javascriptEnabled: true, networkConnectionEnabled: false, pageLoadStrategy: normal, platform: WINDOWS, platformName: WINDOWS, proxy: Proxy(), setWindowRect: true, strictFileInteractability: false, timeouts: {implicit: 0, pageLoad: 300000, script: 30000}, unhandledPromptBehavior: dismiss and notify, webauthn:extension:credBlob: true, webauthn:extension:largeBlob: true, webauthn:extension:minPinLength: true, webauthn:extension:prf: true, webauthn:virtualAuthenticators: true}
Session ID: 9d1cf29a73c6e812466ed5ab35216103
	at org.openqa.selenium.remote.http.W3CHttpResponseCodec.createException(W3CHttpResponseCodec.java:187)
	at org.openqa.selenium.remote.http.W3CHttpResponseCodec.decode(W3CHttpResponseCodec.java:122)
	at org.openqa.selenium.remote.http.W3CHttpResponseCodec.decode(W3CHttpResponseCodec.java:49)
	at org.openqa.selenium.remote.HttpCommandExecutor.execute(HttpCommandExecutor.java:158)
	at org.openqa.selenium.remote.service.DriverCommandExecutor.execute(DriverCommandExecutor.java:83)
	at org.openqa.selenium.remote.RemoteWebDriver.execute(RemoteWebDriver.java:552)
	at com.kms.katalon.selenium.driver.CChromeDriver.execute(CChromeDriver.java:19)
	at org.openqa.selenium.remote.RemoteWebElement.execute(RemoteWebElement.java:285)
	at org.openqa.selenium.remote.RemoteWebElement.click(RemoteWebElement.java:84)
	at org.openqa.selenium.support.events.EventFiringWebDriver$EventFiringWebElement.lambda$new$0(EventFiringWebDriver.java:404)
	at com.sun.proxy.$Proxy11.click(Unknown Source)
	at org.openqa.selenium.support.events.EventFiringWebDriver$EventFiringWebElement.click(EventFiringWebDriver.java:417)
	at org.openqa.selenium.WebElement$click.call(Unknown Source)
	at com.kms.katalon.core.webui.keyword.builtin.ClickKeyword.clickUntilSuccessWithTimeout(ClickKeyword.groovy:81)
	at com.kms.katalon.core.webui.keyword.builtin.ClickKeyword.clickUntilSuccessWithTimeout(ClickKeyword.groovy)
	at com.kms.katalon.core.webui.keyword.builtin.ClickKeyword$_click_closure1.doCall(ClickKeyword.groovy:67)
	at com.kms.katalon.core.webui.keyword.builtin.ClickKeyword$_click_closure1.call(ClickKeyword.groovy)
	at com.kms.katalon.core.webui.keyword.internal.WebUIKeywordMain.runKeyword(WebUIKeywordMain.groovy:20)
	... 19 more]]></system-err>
   </testsuite>
</testsuites>
